  [1m[35m (0.2ms)[0m  [1m[34mSELECT sqlite_version(*)[0m
  ↳ bin/rails:9
  [1m[35m (2.0ms)[0m  [1m[35mCREATE TABLE "schema_migrations" ("version" varchar NOT NULL PRIMARY KEY)[0m
  ↳ bin/rails:9
  [1m[35m (1.8ms)[0m  [1m[35mCREATE TABLE "ar_internal_metadata" ("key" varchar NOT NULL PRIMARY KEY, "value" varchar, "created_at" datetime NOT NULL, "updated_at" datetime NOT NULL)[0m
  ↳ bin/rails:9
  [1m[35m (0.3ms)[0m  [1m[34mSELECT "schema_migrations"."version" FROM "schema_migrations" ORDER BY "schema_migrations"."version" ASC[0m
  ↳ bin/rails:9
Migrating to CreateCourses (20190130161709)
  [1m[35m (0.1ms)[0m  [1m[36mbegin transaction[0m
  ↳ bin/rails:9
  [1m[35m (0.5ms)[0m  [1m[35mCREATE TABLE "courses" ("id" integer PRIMARY KEY AUTOINCREMENT NOT NULL, "title" varchar, "description" text, "created_at" datetime NOT NULL, "updated_at" datetime NOT NULL)[0m
  ↳ db/migrate/20190130161709_create_courses.rb:3
  [1m[36mActiveRecord::SchemaMigration Create (0.3ms)[0m  [1m[32mINSERT INTO "schema_migrations" ("version") VALUES (?)[0m  [["version", "20190130161709"]]
  ↳ bin/rails:9
  [1m[35m (1.1ms)[0m  [1m[36mcommit transaction[0m
  ↳ bin/rails:9
Migrating to CreateLessons (20190130161825)
  [1m[35m (0.1ms)[0m  [1m[36mbegin transaction[0m
  ↳ bin/rails:9
  [1m[35m (0.9ms)[0m  [1m[35mCREATE TABLE "lessons" ("id" integer PRIMARY KEY AUTOINCREMENT NOT NULL, "course_id" integer, "title" varchar, "body" text, "created_at" datetime NOT NULL, "updated_at" datetime NOT NULL)[0m
  ↳ db/migrate/20190130161825_create_lessons.rb:3
  [1m[35m (0.2ms)[0m  [1m[35mCREATE  INDEX "index_lessons_on_course_id" ON "lessons" ("course_id")[0m
  ↳ db/migrate/20190130161825_create_lessons.rb:3
  [1m[36mActiveRecord::SchemaMigration Create (0.2ms)[0m  [1m[32mINSERT INTO "schema_migrations" ("version") VALUES (?)[0m  [["version", "20190130161825"]]
  ↳ bin/rails:9
  [1m[35m (1.2ms)[0m  [1m[36mcommit transaction[0m
  ↳ bin/rails:9
  [1m[36mActiveRecord::InternalMetadata Load (2.9ms)[0m  [1m[34mSELECT  "ar_internal_metadata".* FROM "ar_internal_metadata" WHERE "ar_internal_metadata"."key" = ? LIMIT ?[0m  [["key", "environment"], ["LIMIT", 1]]
  ↳ bin/rails:9
  [1m[35m (0.1ms)[0m  [1m[36mbegin transaction[0m
  ↳ bin/rails:9
  [1m[36mActiveRecord::InternalMetadata Create (0.4ms)[0m  [1m[32mINSERT INTO "ar_internal_metadata" ("key", "value", "created_at", "updated_at") VALUES (?, ?, ?, ?)[0m  [["key", "environment"], ["value", "development"], ["created_at", "2019-01-30 16:23:51.150397"], ["updated_at", "2019-01-30 16:23:51.150397"]]
  ↳ bin/rails:9
  [1m[35m (0.9ms)[0m  [1m[36mcommit transaction[0m
  ↳ bin/rails:9
  [1m[35m (0.1ms)[0m  [1m[34mSELECT "schema_migrations"."version" FROM "schema_migrations" ORDER BY "schema_migrations"."version" ASC[0m
  ↳ bin/rails:9
  [1m[35m (0.1ms)[0m  [1m[34mSELECT "schema_migrations"."version" FROM "schema_migrations" ORDER BY "schema_migrations"."version" ASC[0m
  ↳ bin/rails:9
  [1m[36mActiveRecord::InternalMetadata Load (0.3ms)[0m  [1m[34mSELECT  "ar_internal_metadata".* FROM "ar_internal_metadata" WHERE "ar_internal_metadata"."key" = ? LIMIT ?[0m  [["key", "environment"], ["LIMIT", 1]]
  ↳ bin/rails:9
  [1m[35m (0.1ms)[0m  [1m[36mbegin transaction[0m
  ↳ bin/rails:9
  [1m[35m (0.0ms)[0m  [1m[36mcommit transaction[0m
  ↳ bin/rails:9
  [1m[35m (0.1ms)[0m  [1m[34mSELECT "schema_migrations"."version" FROM "schema_migrations" ORDER BY "schema_migrations"."version" ASC[0m
  ↳ bin/rails:9
  [1m[35m (0.1ms)[0m  [1m[36mbegin transaction[0m
  [1m[36mCourse Create (0.6ms)[0m  [1m[32mINSERT INTO "courses" ("created_at", "updated_at") VALUES (?, ?)[0m  [["created_at", "2019-01-30 16:30:21.722701"], ["updated_at", "2019-01-30 16:30:21.722701"]]
  [1m[35m (1.7ms)[0m  [1m[36mcommit transaction[0m
  [1m[35m (0.1ms)[0m  [1m[34mSELECT "schema_migrations"."version" FROM "schema_migrations" ORDER BY "schema_migrations"."version" ASC[0m
  ↳ bin/rails:9
  [1m[36mLesson Load (0.2ms)[0m  [1m[34mSELECT "lessons".* FROM "lessons"[0m
  ↳ db/seeds.rb:11
  [1m[36mCourse Load (0.2ms)[0m  [1m[34mSELECT "courses".* FROM "courses"[0m
  ↳ db/seeds.rb:12
  [1m[35m (0.1ms)[0m  [1m[36mbegin transaction[0m
  ↳ db/seeds.rb:12
  [1m[36mCourse Destroy (0.5ms)[0m  [1m[31mDELETE FROM "courses" WHERE "courses"."id" = ?[0m  [["id", 1]]
  ↳ db/seeds.rb:12
  [1m[35m (1.2ms)[0m  [1m[36mcommit transaction[0m
  ↳ db/seeds.rb:12
  [1m[35m (0.1ms)[0m  [1m[34mSELECT "schema_migrations"."version" FROM "schema_migrations" ORDER BY "schema_migrations"."version" ASC[0m
  ↳ bin/rails:9
  [1m[36mLesson Load (0.1ms)[0m  [1m[34mSELECT "lessons".* FROM "lessons"[0m
  ↳ db/seeds.rb:11
  [1m[36mCourse Load (0.1ms)[0m  [1m[34mSELECT "courses".* FROM "courses"[0m
  ↳ db/seeds.rb:12
  [1m[35m (0.1ms)[0m  [1m[34mSELECT "schema_migrations"."version" FROM "schema_migrations" ORDER BY "schema_migrations"."version" ASC[0m
  ↳ bin/rails:9
  [1m[36mLesson Load (0.1ms)[0m  [1m[34mSELECT "lessons".* FROM "lessons"[0m
  ↳ db/seeds.rb:11
  [1m[36mCourse Load (0.1ms)[0m  [1m[34mSELECT "courses".* FROM "courses"[0m
  ↳ db/seeds.rb:12
  [1m[35m (0.1ms)[0m  [1m[34mSELECT "schema_migrations"."version" FROM "schema_migrations" ORDER BY "schema_migrations"."version" ASC[0m
  ↳ bin/rails:9
  [1m[36mLesson Load (0.3ms)[0m  [1m[34mSELECT "lessons".* FROM "lessons"[0m
  ↳ db/seeds.rb:11
  [1m[36mCourse Load (0.1ms)[0m  [1m[34mSELECT "courses".* FROM "courses"[0m
  ↳ db/seeds.rb:12
  [1m[35m (0.1ms)[0m  [1m[36mbegin transaction[0m
  ↳ db/seeds.rb:27
  [1m[36mCourse Create (0.4ms)[0m  [1m[32mINSERT INTO "courses" ("title", "description", "created_at", "updated_at") VALUES (?, ?, ?, ?)[0m  [["title", "Sierra Nevada Bigfoot Barleywine Style Ale"], ["description", "Sour Ale"], ["created_at", "2019-01-30 16:46:54.400193"], ["updated_at", "2019-01-30 16:46:54.400193"]]
  ↳ db/seeds.rb:27
  [1m[35m (1.5ms)[0m  [1m[36mcommit transaction[0m
  ↳ db/seeds.rb:27
  [1m[35m (0.1ms)[0m  [1m[36mbegin transaction[0m
  ↳ db/seeds.rb:27
  [1m[36mCourse Create (0.4ms)[0m  [1m[32mINSERT INTO "courses" ("title", "description", "created_at", "updated_at") VALUES (?, ?, ?, ?)[0m  [["title", "Orval Trappist Ale"], ["description", "Porter"], ["created_at", "2019-01-30 16:46:54.404077"], ["updated_at", "2019-01-30 16:46:54.404077"]]
  ↳ db/seeds.rb:27
  [1m[35m (1.0ms)[0m  [1m[36mcommit transaction[0m
  ↳ db/seeds.rb:27
  [1m[35m (0.0ms)[0m  [1m[36mbegin transaction[0m
  ↳ db/seeds.rb:27
  [1m[36mCourse Create (0.3ms)[0m  [1m[32mINSERT INTO "courses" ("title", "description", "created_at", "updated_at") VALUES (?, ?, ?, ?)[0m  [["title", "Orval Trappist Ale"], ["description", "Strong Ale"], ["created_at", "2019-01-30 16:46:54.406855"], ["updated_at", "2019-01-30 16:46:54.406855"]]
  ↳ db/seeds.rb:27
  [1m[35m (1.1ms)[0m  [1m[36mcommit transaction[0m
  ↳ db/seeds.rb:27
  [1m[35m (0.1ms)[0m  [1m[36mbegin transaction[0m
  ↳ db/seeds.rb:27
  [1m[36mCourse Create (0.4ms)[0m  [1m[32mINSERT INTO "courses" ("title", "description", "created_at", "updated_at") VALUES (?, ?, ?, ?)[0m  [["title", "Alpha King Pale Ale"], ["description", "Scottish And Irish Ale"], ["created_at", "2019-01-30 16:46:54.409834"], ["updated_at", "2019-01-30 16:46:54.409834"]]
  ↳ db/seeds.rb:27
  [1m[35m (1.0ms)[0m  [1m[36mcommit transaction[0m
  ↳ db/seeds.rb:27
  [1m[35m (0.0ms)[0m  [1m[36mbegin transaction[0m
  ↳ db/seeds.rb:27
  [1m[36mCourse Create (0.3ms)[0m  [1m[32mINSERT INTO "courses" ("title", "description", "created_at", "updated_at") VALUES (?, ?, ?, ?)[0m  [["title", "HopSlam Ale"], ["description", "Pilsner"], ["created_at", "2019-01-30 16:46:54.412551"], ["updated_at", "2019-01-30 16:46:54.412551"]]
  ↳ db/seeds.rb:27
  [1m[35m (1.1ms)[0m  [1m[36mcommit transaction[0m
  ↳ db/seeds.rb:27
  [1m[35m (0.1ms)[0m  [1m[34mSELECT "schema_migrations"."version" FROM "schema_migrations" ORDER BY "schema_migrations"."version" ASC[0m
  ↳ bin/rails:9
  [1m[35m (0.1ms)[0m  [1m[34mSELECT "schema_migrations"."version" FROM "schema_migrations" ORDER BY "schema_migrations"."version" ASC[0m
  ↳ bin/rails:9
  [1m[35m (0.1ms)[0m  [1m[34mSELECT "schema_migrations"."version" FROM "schema_migrations" ORDER BY "schema_migrations"."version" ASC[0m
  ↳ bin/rails:9
  [1m[35m (0.1ms)[0m  [1m[34mSELECT "schema_migrations"."version" FROM "schema_migrations" ORDER BY "schema_migrations"."version" ASC[0m
  ↳ bin/rails:9
Migrating to CreateLessons (20190130161825)
  [1m[35m (0.1ms)[0m  [1m[36mbegin transaction[0m
  ↳ bin/rails:9
  [1m[35m (0.6ms)[0m  [1m[35mDROP TABLE "lessons"[0m
  ↳ bin/rails:9
  [1m[36mActiveRecord::SchemaMigration Destroy (0.2ms)[0m  [1m[31mDELETE FROM "schema_migrations" WHERE "schema_migrations"."version" = ?[0m  [["version", "20190130161825"]]
  ↳ bin/rails:9
  [1m[35m (1.0ms)[0m  [1m[36mcommit transaction[0m
  ↳ bin/rails:9
  [1m[35m (0.1ms)[0m  [1m[34mSELECT "schema_migrations"."version" FROM "schema_migrations" ORDER BY "schema_migrations"."version" ASC[0m
  ↳ bin/rails:9
  [1m[35m (0.1ms)[0m  [1m[34mSELECT "schema_migrations"."version" FROM "schema_migrations" ORDER BY "schema_migrations"."version" ASC[0m
  ↳ bin/rails:9
Migrating to CreateLessons (20190130161825)
  [1m[35m (0.1ms)[0m  [1m[36mbegin transaction[0m
  ↳ bin/rails:9
  [1m[35m (0.1ms)[0m  [1m[34mSELECT sqlite_version(*)[0m
  ↳ db/migrate/20190130161825_create_lessons.rb:3
  [1m[35m (0.5ms)[0m  [1m[35mCREATE TABLE "lessons" ("id" integer PRIMARY KEY AUTOINCREMENT NOT NULL, "title" varchar, "body" text, "created_at" datetime NOT NULL, "updated_at" datetime NOT NULL)[0m
  ↳ db/migrate/20190130161825_create_lessons.rb:3
  [1m[35m (0.4ms)[0m  [1m[35mALTER TABLE "books" ADD "author_id" integer[0m
  ↳ db/migrate/20190130161825_create_lessons.rb:9
  [1m[35m (0.4ms)[0m  [1m[31mrollback transaction[0m
  ↳ bin/rails:9
  [1m[35m (0.1ms)[0m  [1m[34mSELECT "schema_migrations"."version" FROM "schema_migrations" ORDER BY "schema_migrations"."version" ASC[0m
  ↳ bin/rails:9
Migrating to CreateLessons (20190130161825)
  [1m[35m (0.1ms)[0m  [1m[36mbegin transaction[0m
  ↳ bin/rails:9
  [1m[35m (0.1ms)[0m  [1m[34mSELECT sqlite_version(*)[0m
  ↳ db/migrate/20190130161825_create_lessons.rb:3
  [1m[35m (0.6ms)[0m  [1m[35mCREATE TABLE "lessons" ("id" integer PRIMARY KEY AUTOINCREMENT NOT NULL, "course_id" integer, "title" varchar, "body" text, "created_at" datetime NOT NULL, "updated_at" datetime NOT NULL)[0m
  ↳ db/migrate/20190130161825_create_lessons.rb:3
  [1m[35m (0.1ms)[0m  [1m[35mCREATE  INDEX "index_lessons_on_course_id" ON "lessons" ("course_id")[0m
  ↳ db/migrate/20190130161825_create_lessons.rb:3
  [1m[35m (0.7ms)[0m  [1m[35mALTER TABLE "books" ADD "author_id" integer[0m
  ↳ db/migrate/20190130161825_create_lessons.rb:10
  [1m[35m (0.5ms)[0m  [1m[31mrollback transaction[0m
  ↳ bin/rails:9
  [1m[35m (0.1ms)[0m  [1m[34mSELECT "schema_migrations"."version" FROM "schema_migrations" ORDER BY "schema_migrations"."version" ASC[0m
  ↳ bin/rails:9
  [1m[35m (0.1ms)[0m  [1m[34mSELECT "schema_migrations"."version" FROM "schema_migrations" ORDER BY "schema_migrations"."version" ASC[0m
  ↳ bin/rails:9
  [1m[35m (0.1ms)[0m  [1m[34mSELECT "schema_migrations"."version" FROM "schema_migrations" ORDER BY "schema_migrations"."version" ASC[0m
  ↳ bin/rails:9
  [1m[35m (0.1ms)[0m  [1m[34mSELECT "schema_migrations"."version" FROM "schema_migrations" ORDER BY "schema_migrations"."version" ASC[0m
  ↳ bin/rails:9
Migrating to CreateCourses (20190130161709)
  [1m[35m (0.1ms)[0m  [1m[36mbegin transaction[0m
  ↳ bin/rails:9
  [1m[35m (0.7ms)[0m  [1m[35mDROP TABLE "courses"[0m
  ↳ bin/rails:9
  [1m[36mActiveRecord::SchemaMigration Destroy (0.3ms)[0m  [1m[31mDELETE FROM "schema_migrations" WHERE "schema_migrations"."version" = ?[0m  [["version", "20190130161709"]]
  ↳ bin/rails:9
  [1m[35m (1.4ms)[0m  [1m[36mcommit transaction[0m
  ↳ bin/rails:9
  [1m[35m (0.1ms)[0m  [1m[34mSELECT "schema_migrations"."version" FROM "schema_migrations" ORDER BY "schema_migrations"."version" ASC[0m
  ↳ bin/rails:9
  [1m[35m (0.1ms)[0m  [1m[34mSELECT "schema_migrations"."version" FROM "schema_migrations" ORDER BY "schema_migrations"."version" ASC[0m
  ↳ bin/rails:9
Migrating to CreateCourses (20190130161709)
  [1m[35m (0.1ms)[0m  [1m[36mbegin transaction[0m
  ↳ bin/rails:9
  [1m[35m (0.1ms)[0m  [1m[34mSELECT sqlite_version(*)[0m
  ↳ db/migrate/20190130161709_create_courses.rb:3
  [1m[35m (0.5ms)[0m  [1m[35mCREATE TABLE "courses" ("id" integer PRIMARY KEY AUTOINCREMENT NOT NULL, "title" varchar, "description" text, "created_at" datetime NOT NULL, "updated_at" datetime NOT NULL)[0m
  ↳ db/migrate/20190130161709_create_courses.rb:3
  [1m[36mActiveRecord::SchemaMigration Create (0.2ms)[0m  [1m[32mINSERT INTO "schema_migrations" ("version") VALUES (?)[0m  [["version", "20190130161709"]]
  ↳ bin/rails:9
  [1m[35m (1.6ms)[0m  [1m[36mcommit transaction[0m
  ↳ bin/rails:9
Migrating to CreateLessons (20190130161825)
  [1m[35m (0.1ms)[0m  [1m[36mbegin transaction[0m
  ↳ bin/rails:9
  [1m[35m (0.4ms)[0m  [1m[35mCREATE TABLE "lessons" ("id" integer PRIMARY KEY AUTOINCREMENT NOT NULL, "title" varchar, "body" text, "created_at" datetime NOT NULL, "updated_at" datetime NOT NULL)[0m
  ↳ db/migrate/20190130161825_create_lessons.rb:3
  [1m[36mActiveRecord::SchemaMigration Create (0.2ms)[0m  [1m[32mINSERT INTO "schema_migrations" ("version") VALUES (?)[0m  [["version", "20190130161825"]]
  ↳ bin/rails:9
  [1m[35m (1.1ms)[0m  [1m[36mcommit transaction[0m
  ↳ bin/rails:9
  [1m[36mActiveRecord::InternalMetadata Load (0.1ms)[0m  [1m[34mSELECT  "ar_internal_metadata".* FROM "ar_internal_metadata" WHERE "ar_internal_metadata"."key" = ? LIMIT ?[0m  [["key", "environment"], ["LIMIT", 1]]
  ↳ bin/rails:9
  [1m[35m (0.2ms)[0m  [1m[36mbegin transaction[0m
  ↳ bin/rails:9
  [1m[35m (0.1ms)[0m  [1m[36mcommit transaction[0m
  ↳ bin/rails:9
  [1m[35m (0.1ms)[0m  [1m[34mSELECT "schema_migrations"."version" FROM "schema_migrations" ORDER BY "schema_migrations"."version" ASC[0m
  ↳ bin/rails:9
  [1m[35m (0.2ms)[0m  [1m[34mSELECT "schema_migrations"."version" FROM "schema_migrations" ORDER BY "schema_migrations"."version" ASC[0m
  ↳ bin/rails:9
Migrating to AddCourseIdToLessons (20190130165131)
  [1m[35m (0.1ms)[0m  [1m[36mbegin transaction[0m
  ↳ bin/rails:9
  [1m[35m (0.7ms)[0m  [1m[35mALTER TABLE "lessons" ADD "course_id" integer[0m
  ↳ db/migrate/20190130165131_add_course_id_to_lessons.rb:3
  [1m[35m (0.1ms)[0m  [1m[34mSELECT sqlite_version(*)[0m
  ↳ db/migrate/20190130165131_add_course_id_to_lessons.rb:3
  [1m[35m (0.2ms)[0m  [1m[35mCREATE  INDEX "index_lessons_on_course_id" ON "lessons" ("course_id")[0m
  ↳ db/migrate/20190130165131_add_course_id_to_lessons.rb:3
  [1m[36mActiveRecord::SchemaMigration Create (0.2ms)[0m  [1m[32mINSERT INTO "schema_migrations" ("version") VALUES (?)[0m  [["version", "20190130165131"]]
  ↳ bin/rails:9
  [1m[35m (1.1ms)[0m  [1m[36mcommit transaction[0m
  ↳ bin/rails:9
  [1m[36mActiveRecord::InternalMetadata Load (0.2ms)[0m  [1m[34mSELECT  "ar_internal_metadata".* FROM "ar_internal_metadata" WHERE "ar_internal_metadata"."key" = ? LIMIT ?[0m  [["key", "environment"], ["LIMIT", 1]]
  ↳ bin/rails:9
  [1m[35m (0.0ms)[0m  [1m[36mbegin transaction[0m
  ↳ bin/rails:9
  [1m[35m (0.0ms)[0m  [1m[36mcommit transaction[0m
  ↳ bin/rails:9
  [1m[35m (0.1ms)[0m  [1m[34mSELECT "schema_migrations"."version" FROM "schema_migrations" ORDER BY "schema_migrations"."version" ASC[0m
  ↳ bin/rails:9
  [1m[35m (0.1ms)[0m  [1m[34mSELECT "schema_migrations"."version" FROM "schema_migrations" ORDER BY "schema_migrations"."version" ASC[0m
  ↳ bin/rails:9
  [1m[36mLesson Load (0.2ms)[0m  [1m[34mSELECT "lessons".* FROM "lessons"[0m
  ↳ db/seeds.rb:11
  [1m[36mCourse Load (0.2ms)[0m  [1m[34mSELECT "courses".* FROM "courses"[0m
  ↳ db/seeds.rb:12
  [1m[35m (0.1ms)[0m  [1m[36mbegin transaction[0m
  ↳ db/seeds.rb:27
  [1m[36mCourse Create (0.5ms)[0m  [1m[32mINSERT INTO "courses" ("title", "description", "created_at", "updated_at") VALUES (?, ?, ?, ?)[0m  [["title", "Sierra Nevada Bigfoot Barleywine Style Ale"], ["description", "Wood-aged Beer"], ["created_at", "2019-01-30 16:52:31.824768"], ["updated_at", "2019-01-30 16:52:31.824768"]]
  ↳ db/seeds.rb:27
  [1m[35m (1.0ms)[0m  [1m[36mcommit transaction[0m
  ↳ db/seeds.rb:27
  [1m[35m (0.0ms)[0m  [1m[36mbegin transaction[0m
  ↳ db/seeds.rb:27
  [1m[36mCourse Create (0.4ms)[0m  [1m[32mINSERT INTO "courses" ("title", "description", "created_at", "updated_at") VALUES (?, ?, ?, ?)[0m  [["title", "Founders Breakfast Stout"], ["description", "Amber Hybrid Beer"], ["created_at", "2019-01-30 16:52:31.828232"], ["updated_at", "2019-01-30 16:52:31.828232"]]
  ↳ db/seeds.rb:27
  [1m[35m (0.9ms)[0m  [1m[36mcommit transaction[0m
  ↳ db/seeds.rb:27
  [1m[35m (0.0ms)[0m  [1m[36mbegin transaction[0m
  ↳ db/seeds.rb:27
  [1m[36mCourse Create (0.3ms)[0m  [1m[32mINSERT INTO "courses" ("title", "description", "created_at", "updated_at") VALUES (?, ?, ?, ?)[0m  [["title", "Bourbon County Stout"], ["description", "Merican Ale"], ["created_at", "2019-01-30 16:52:31.830775"], ["updated_at", "2019-01-30 16:52:31.830775"]]
  ↳ db/seeds.rb:27
  [1m[35m (0.9ms)[0m  [1m[36mcommit transaction[0m
  ↳ db/seeds.rb:27
  [1m[35m (0.0ms)[0m  [1m[36mbegin transaction[0m
  ↳ db/seeds.rb:27
  [1m[36mCourse Create (0.3ms)[0m  [1m[32mINSERT INTO "courses" ("title", "description", "created_at", "updated_at") VALUES (?, ?, ?, ?)[0m  [["title", "Weihenstephaner Hefeweissbier"], ["description", "Light Lager"], ["created_at", "2019-01-30 16:52:31.833023"], ["updated_at", "2019-01-30 16:52:31.833023"]]
  ↳ db/seeds.rb:27
  [1m[35m (0.9ms)[0m  [1m[36mcommit transaction[0m
  ↳ db/seeds.rb:27
  [1m[35m (0.0ms)[0m  [1m[36mbegin transaction[0m
  ↳ db/seeds.rb:27
  [1m[36mCourse Create (0.3ms)[0m  [1m[32mINSERT INTO "courses" ("title", "description", "created_at", "updated_at") VALUES (?, ?, ?, ?)[0m  [["title", "HopSlam Ale"], ["description", "Belgian And French Ale"], ["created_at", "2019-01-30 16:52:31.835420"], ["updated_at", "2019-01-30 16:52:31.835420"]]
  ↳ db/seeds.rb:27
  [1m[35m (0.7ms)[0m  [1m[36mcommit transaction[0m
  ↳ db/seeds.rb:27
  [1m[35m (0.1ms)[0m  [1m[34mSELECT "schema_migrations"."version" FROM "schema_migrations" ORDER BY "schema_migrations"."version" ASC[0m
  ↳ bin/rails:9
  [1m[36mLesson Load (0.1ms)[0m  [1m[34mSELECT "lessons".* FROM "lessons"[0m
  ↳ db/seeds.rb:11
  [1m[36mCourse Load (0.2ms)[0m  [1m[34mSELECT "courses".* FROM "courses"[0m
  ↳ db/seeds.rb:12
  [1m[35m (0.1ms)[0m  [1m[36mbegin transaction[0m
  ↳ db/seeds.rb:12
  [1m[36mCourse Destroy (0.5ms)[0m  [1m[31mDELETE FROM "courses" WHERE "courses"."id" = ?[0m  [["id", 1]]
  ↳ db/seeds.rb:12
  [1m[35m (1.4ms)[0m  [1m[36mcommit transaction[0m
  ↳ db/seeds.rb:12
  [1m[35m (0.1ms)[0m  [1m[36mbegin transaction[0m
  ↳ db/seeds.rb:12
  [1m[36mCourse Destroy (0.3ms)[0m  [1m[31mDELETE FROM "courses" WHERE "courses"."id" = ?[0m  [["id", 2]]
  ↳ db/seeds.rb:12
  [1m[35m (1.2ms)[0m  [1m[36mcommit transaction[0m
  ↳ db/seeds.rb:12
  [1m[35m (0.1ms)[0m  [1m[36mbegin transaction[0m
  ↳ db/seeds.rb:12
  [1m[36mCourse Destroy (0.4ms)[0m  [1m[31mDELETE FROM "courses" WHERE "courses"."id" = ?[0m  [["id", 3]]
  ↳ db/seeds.rb:12
  [1m[35m (1.2ms)[0m  [1m[36mcommit transaction[0m
  ↳ db/seeds.rb:12
  [1m[35m (0.1ms)[0m  [1m[36mbegin transaction[0m
  ↳ db/seeds.rb:12
  [1m[36mCourse Destroy (0.4ms)[0m  [1m[31mDELETE FROM "courses" WHERE "courses"."id" = ?[0m  [["id", 4]]
  ↳ db/seeds.rb:12
  [1m[35m (1.0ms)[0m  [1m[36mcommit transaction[0m
  ↳ db/seeds.rb:12
  [1m[35m (0.0ms)[0m  [1m[36mbegin transaction[0m
  ↳ db/seeds.rb:12
  [1m[36mCourse Destroy (0.3ms)[0m  [1m[31mDELETE FROM "courses" WHERE "courses"."id" = ?[0m  [["id", 5]]
  ↳ db/seeds.rb:12
  [1m[35m (0.8ms)[0m  [1m[36mcommit transaction[0m
  ↳ db/seeds.rb:12
  [1m[35m (0.1ms)[0m  [1m[36mbegin transaction[0m
  ↳ db/seeds.rb:27
  [1m[36mCourse Create (0.5ms)[0m  [1m[32mINSERT INTO "courses" ("title", "description", "created_at", "updated_at") VALUES (?, ?, ?, ?)[0m  [["title", "Old Rasputin Russian Imperial Stout"], ["description", "Stout"], ["created_at", "2019-01-30 16:53:00.571769"], ["updated_at", "2019-01-30 16:53:00.571769"]]
  ↳ db/seeds.rb:27
  [1m[35m (1.9ms)[0m  [1m[36mcommit transaction[0m
  ↳ db/seeds.rb:27
  [1m[35m (0.1ms)[0m  [1m[36mbegin transaction[0m
  ↳ db/seeds.rb:27
  [1m[36mCourse Create (0.4ms)[0m  [1m[32mINSERT INTO "courses" ("title", "description", "created_at", "updated_at") VALUES (?, ?, ?, ?)[0m  [["title", "Stone IPA"], ["description", "Dark Lager"], ["created_at", "2019-01-30 16:53:00.576104"], ["updated_at", "2019-01-30 16:53:00.576104"]]
  ↳ db/seeds.rb:27
  [1m[35m (1.0ms)[0m  [1m[36mcommit transaction[0m
  ↳ db/seeds.rb:27
  [1m[35m (0.0ms)[0m  [1m[36mbegin transaction[0m
  ↳ db/seeds.rb:27
  [1m[36mCourse Create (0.4ms)[0m  [1m[32mINSERT INTO "courses" ("title", "description", "created_at", "updated_at") VALUES (?, ?, ?, ?)[0m  [["title", "Brooklyn Black"], ["description", "Stout"], ["created_at", "2019-01-30 16:53:00.579052"], ["updated_at", "2019-01-30 16:53:00.579052"]]
  ↳ db/seeds.rb:27
  [1m[35m (1.2ms)[0m  [1m[36mcommit transaction[0m
  ↳ db/seeds.rb:27
  [1m[35m (0.1ms)[0m  [1m[36mbegin transaction[0m
  ↳ db/seeds.rb:27
  [1m[36mCourse Create (0.4ms)[0m  [1m[32mINSERT INTO "courses" ("title", "description", "created_at", "updated_at") VALUES (?, ?, ?, ?)[0m  [["title", "Orval Trappist Ale"], ["description", "Merican Ale"], ["created_at", "2019-01-30 16:53:00.582513"], ["updated_at", "2019-01-30 16:53:00.582513"]]
  ↳ db/seeds.rb:27
  [1m[35m (1.0ms)[0m  [1m[36mcommit transaction[0m
  ↳ db/seeds.rb:27
  [1m[35m (0.0ms)[0m  [1m[36mbegin transaction[0m
  ↳ db/seeds.rb:27
  [1m[36mCourse Create (0.4ms)[0m  [1m[32mINSERT INTO "courses" ("title", "description", "created_at", "updated_at") VALUES (?, ?, ?, ?)[0m  [["title", "Hercules Double IPA"], ["description", "Stout"], ["created_at", "2019-01-30 16:53:00.585447"], ["updated_at", "2019-01-30 16:53:00.585447"]]
  ↳ db/seeds.rb:27
  [1m[35m (1.2ms)[0m  [1m[36mcommit transaction[0m
  ↳ db/seeds.rb:27
  [1m[35m (0.2ms)[0m  [1m[34mSELECT "schema_migrations"."version" FROM "schema_migrations" ORDER BY "schema_migrations"."version" ASC[0m
  ↳ bin/rails:9
  [1m[35m (0.1ms)[0m  [1m[34mSELECT "schema_migrations"."version" FROM "schema_migrations" ORDER BY "schema_migrations"."version" ASC[0m
  ↳ bin/rails:9
  [1m[35m (0.1ms)[0m  [1m[34mSELECT "schema_migrations"."version" FROM "schema_migrations" ORDER BY "schema_migrations"."version" ASC[0m
  ↳ bin/rails:9
  [1m[35m (0.1ms)[0m  [1m[34mSELECT "schema_migrations"."version" FROM "schema_migrations" ORDER BY "schema_migrations"."version" ASC[0m
  ↳ bin/rails:9
Migrating to AddCourseIdToLessons (20190130165131)
  [1m[35m (0.0ms)[0m  [1m[36mbegin transaction[0m
  ↳ bin/rails:9
  [1m[35m (0.1ms)[0m  [1m[34mSELECT sqlite_version(*)[0m
  ↳ bin/rails:9
  [1m[35m (0.3ms)[0m  [1m[35mCREATE TEMPORARY TABLE "alessons" ("id" integer NOT NULL PRIMARY KEY, "title" varchar DEFAULT NULL, "body" text DEFAULT NULL, "created_at" datetime NOT NULL, "updated_at" datetime NOT NULL, "course_id" integer DEFAULT NULL)[0m
  ↳ bin/rails:9
  [1m[35m (0.1ms)[0m  [1m[35mCREATE  INDEX "tindex_alessons_on_course_id" ON "alessons" ("course_id")[0m
  ↳ bin/rails:9
  [1m[35m (0.1ms)[0m  [1m[32mINSERT INTO "alessons" ("id","title","body","created_at","updated_at","course_id")
                     SELECT "id","title","body","created_at","updated_at","course_id" FROM "lessons"[0m
  ↳ bin/rails:9
  [1m[35m (0.4ms)[0m  [1m[35mDROP TABLE "lessons"[0m
  ↳ bin/rails:9
  [1m[35m (0.1ms)[0m  [1m[35mCREATE TABLE "lessons" ("id" integer NOT NULL PRIMARY KEY, "title" varchar DEFAULT NULL, "body" text DEFAULT NULL, "created_at" datetime NOT NULL, "updated_at" datetime NOT NULL)[0m
  ↳ bin/rails:9
  [1m[35m (0.1ms)[0m  [1m[32mINSERT INTO "lessons" ("id","title","body","created_at","updated_at")
                     SELECT "id","title","body","created_at","updated_at" FROM "alessons"[0m
  ↳ bin/rails:9
  [1m[35m (0.1ms)[0m  [1m[35mDROP TABLE "alessons"[0m
  ↳ bin/rails:9
  [1m[36mActiveRecord::SchemaMigration Destroy (0.2ms)[0m  [1m[31mDELETE FROM "schema_migrations" WHERE "schema_migrations"."version" = ?[0m  [["version", "20190130165131"]]
  ↳ bin/rails:9
  [1m[35m (2.0ms)[0m  [1m[36mcommit transaction[0m
  ↳ bin/rails:9
  [1m[35m (0.1ms)[0m  [1m[34mSELECT "schema_migrations"."version" FROM "schema_migrations" ORDER BY "schema_migrations"."version" ASC[0m
  ↳ bin/rails:9
  [1m[35m (0.2ms)[0m  [1m[34mSELECT "schema_migrations"."version" FROM "schema_migrations" ORDER BY "schema_migrations"."version" ASC[0m
  ↳ bin/rails:9
  [1m[35m (0.1ms)[0m  [1m[34mSELECT "schema_migrations"."version" FROM "schema_migrations" ORDER BY "schema_migrations"."version" ASC[0m
  ↳ bin/rails:9
  [1m[35m (0.1ms)[0m  [1m[34mSELECT "schema_migrations"."version" FROM "schema_migrations" ORDER BY "schema_migrations"."version" ASC[0m
  ↳ bin/rails:9
  [1m[35m (0.1ms)[0m  [1m[34mSELECT "schema_migrations"."version" FROM "schema_migrations" ORDER BY "schema_migrations"."version" ASC[0m
  ↳ bin/rails:9
Migrating to CreateLessons (20190130161825)
  [1m[35m (0.1ms)[0m  [1m[36mbegin transaction[0m
  ↳ bin/rails:9
  [1m[35m (0.7ms)[0m  [1m[35mDROP TABLE "lessons"[0m
  ↳ bin/rails:9
  [1m[36mActiveRecord::SchemaMigration Destroy (0.2ms)[0m  [1m[31mDELETE FROM "schema_migrations" WHERE "schema_migrations"."version" = ?[0m  [["version", "20190130161825"]]
  ↳ bin/rails:9
  [1m[35m (1.4ms)[0m  [1m[36mcommit transaction[0m
  ↳ bin/rails:9
  [1m[35m (0.1ms)[0m  [1m[34mSELECT "schema_migrations"."version" FROM "schema_migrations" ORDER BY "schema_migrations"."version" ASC[0m
  ↳ bin/rails:9
  [1m[35m (0.1ms)[0m  [1m[34mSELECT "schema_migrations"."version" FROM "schema_migrations" ORDER BY "schema_migrations"."version" ASC[0m
  ↳ bin/rails:9
  [1m[35m (0.1ms)[0m  [1m[34mSELECT "schema_migrations"."version" FROM "schema_migrations" ORDER BY "schema_migrations"."version" ASC[0m
  ↳ bin/rails:9
Migrating to CreateLessons (20190130161825)
  [1m[35m (0.1ms)[0m  [1m[36mbegin transaction[0m
  ↳ bin/rails:9
  [1m[35m (0.1ms)[0m  [1m[34mSELECT sqlite_version(*)[0m
  ↳ db/migrate/20190130161825_create_lessons.rb:3
  [1m[35m (0.5ms)[0m  [1m[35mCREATE TABLE "lessons" ("id" integer PRIMARY KEY AUTOINCREMENT NOT NULL, "course_id" integer, "title" varchar, "body" text, "created_at" datetime NOT NULL, "updated_at" datetime NOT NULL)[0m
  ↳ db/migrate/20190130161825_create_lessons.rb:3
  [1m[35m (0.1ms)[0m  [1m[35mCREATE  INDEX "index_lessons_on_course_id" ON "lessons" ("course_id")[0m
  ↳ db/migrate/20190130161825_create_lessons.rb:3
  [1m[36mActiveRecord::SchemaMigration Create (0.2ms)[0m  [1m[32mINSERT INTO "schema_migrations" ("version") VALUES (?)[0m  [["version", "20190130161825"]]
  ↳ bin/rails:9
  [1m[35m (1.4ms)[0m  [1m[36mcommit transaction[0m
  ↳ bin/rails:9
  [1m[36mActiveRecord::InternalMetadata Load (0.2ms)[0m  [1m[34mSELECT  "ar_internal_metadata".* FROM "ar_internal_metadata" WHERE "ar_internal_metadata"."key" = ? LIMIT ?[0m  [["key", "environment"], ["LIMIT", 1]]
  ↳ bin/rails:9
  [1m[35m (0.1ms)[0m  [1m[36mbegin transaction[0m
  ↳ bin/rails:9
  [1m[35m (0.0ms)[0m  [1m[36mcommit transaction[0m
  ↳ bin/rails:9
  [1m[35m (0.1ms)[0m  [1m[34mSELECT "schema_migrations"."version" FROM "schema_migrations" ORDER BY "schema_migrations"."version" ASC[0m
  ↳ bin/rails:9
  [1m[35m (0.2ms)[0m  [1m[34mSELECT "schema_migrations"."version" FROM "schema_migrations" ORDER BY "schema_migrations"."version" ASC[0m
  ↳ bin/rails:9
  [1m[35m (0.0ms)[0m  [1m[36mbegin transaction[0m
  [1m[36mCourse Create (0.6ms)[0m  [1m[32mINSERT INTO "courses" ("created_at", "updated_at") VALUES (?, ?)[0m  [["created_at", "2019-01-30 16:57:27.727361"], ["updated_at", "2019-01-30 16:57:27.727361"]]
  [1m[35m (2.1ms)[0m  [1m[36mcommit transaction[0m
  [1m[35m (0.1ms)[0m  [1m[36mbegin transaction[0m
  [1m[35m (0.1ms)[0m  [1m[31mrollback transaction[0m
  [1m[35m (0.1ms)[0m  [1m[36mbegin transaction[0m
  [1m[35m (0.1ms)[0m  [1m[31mrollback transaction[0m
  [1m[35m (0.1ms)[0m  [1m[36mbegin transaction[0m
  [1m[36mCourse Create (0.8ms)[0m  [1m[32mINSERT INTO "courses" ("created_at", "updated_at") VALUES (?, ?)[0m  [["created_at", "2019-01-30 17:01:54.473807"], ["updated_at", "2019-01-30 17:01:54.473807"]]
  [1m[35m (1.5ms)[0m  [1m[36mcommit transaction[0m
  [1m[35m (0.1ms)[0m  [1m[36mbegin transaction[0m
  [1m[35m (0.1ms)[0m  [1m[31mrollback transaction[0m
  [1m[35m (0.1ms)[0m  [1m[36mbegin transaction[0m
  [1m[36mCourse Create (0.7ms)[0m  [1m[32mINSERT INTO "courses" ("created_at", "updated_at") VALUES (?, ?)[0m  [["created_at", "2019-01-30 17:03:26.100051"], ["updated_at", "2019-01-30 17:03:26.100051"]]
  [1m[35m (2.0ms)[0m  [1m[36mcommit transaction[0m
  [1m[35m (0.1ms)[0m  [1m[36mbegin transaction[0m
  [1m[36mCourse Create (0.7ms)[0m  [1m[32mINSERT INTO "courses" ("created_at", "updated_at") VALUES (?, ?)[0m  [["created_at", "2019-01-30 17:04:10.056664"], ["updated_at", "2019-01-30 17:04:10.056664"]]
  [1m[35m (2.4ms)[0m  [1m[36mcommit transaction[0m
  [1m[35m (0.1ms)[0m  [1m[36mbegin transaction[0m
  [1m[36mLesson Create (0.9ms)[0m  [1m[32mINSERT INTO "lessons" ("course_id", "created_at", "updated_at") VALUES (?, ?, ?)[0m  [["course_id", 14], ["created_at", "2019-01-30 17:04:21.521868"], ["updated_at", "2019-01-30 17:04:21.521868"]]
  [1m[35m (1.3ms)[0m  [1m[36mcommit transaction[0m
  [1m[35m (0.1ms)[0m  [1m[36mbegin transaction[0m
  [1m[36mCourse Create (0.8ms)[0m  [1m[32mINSERT INTO "courses" ("created_at", "updated_at") VALUES (?, ?)[0m  [["created_at", "2019-01-30 17:20:10.512792"], ["updated_at", "2019-01-30 17:20:10.512792"]]
  [1m[35m (1.4ms)[0m  [1m[36mcommit transaction[0m
  [1m[35m (0.1ms)[0m  [1m[36mbegin transaction[0m
  [1m[36mLesson Create (0.8ms)[0m  [1m[32mINSERT INTO "lessons" ("course_id", "created_at", "updated_at") VALUES (?, ?, ?)[0m  [["course_id", 15], ["created_at", "2019-01-30 17:20:40.088938"], ["updated_at", "2019-01-30 17:20:40.088938"]]
  [1m[35m (2.2ms)[0m  [1m[36mcommit transaction[0m
  [1m[35m (0.1ms)[0m  [1m[34mSELECT "schema_migrations"."version" FROM "schema_migrations" ORDER BY "schema_migrations"."version" ASC[0m
  ↳ bin/rails:9
  [1m[36mLesson Load (0.2ms)[0m  [1m[34mSELECT "lessons".* FROM "lessons"[0m
  ↳ db/seeds.rb:11
  [1m[35m (0.1ms)[0m  [1m[36mbegin transaction[0m
  ↳ db/seeds.rb:11
  [1m[36mLesson Destroy (0.7ms)[0m  [1m[31mDELETE FROM "lessons" WHERE "lessons"."id" = ?[0m  [["id", 1]]
  ↳ db/seeds.rb:11
  [1m[35m (3.0ms)[0m  [1m[36mcommit transaction[0m
  ↳ db/seeds.rb:11
  [1m[35m (0.1ms)[0m  [1m[36mbegin transaction[0m
  ↳ db/seeds.rb:11
  [1m[36mLesson Destroy (0.4ms)[0m  [1m[31mDELETE FROM "lessons" WHERE "lessons"."id" = ?[0m  [["id", 2]]
  ↳ db/seeds.rb:11
  [1m[35m (1.3ms)[0m  [1m[36mcommit transaction[0m
  ↳ db/seeds.rb:11
  [1m[36mCourse Load (0.2ms)[0m  [1m[34mSELECT "courses".* FROM "courses"[0m
  ↳ db/seeds.rb:12
  [1m[35m (0.0ms)[0m  [1m[36mbegin transaction[0m
  ↳ db/seeds.rb:12
  [1m[36mCourse Destroy (0.3ms)[0m  [1m[31mDELETE FROM "courses" WHERE "courses"."id" = ?[0m  [["id", 6]]
  ↳ db/seeds.rb:12
  [1m[35m (1.0ms)[0m  [1m[36mcommit transaction[0m
  ↳ db/seeds.rb:12
  [1m[35m (0.1ms)[0m  [1m[36mbegin transaction[0m
  ↳ db/seeds.rb:12
  [1m[36mCourse Destroy (0.4ms)[0m  [1m[31mDELETE FROM "courses" WHERE "courses"."id" = ?[0m  [["id", 7]]
  ↳ db/seeds.rb:12
  [1m[35m (0.9ms)[0m  [1m[36mcommit transaction[0m
  ↳ db/seeds.rb:12
  [1m[35m (0.1ms)[0m  [1m[36mbegin transaction[0m
  ↳ db/seeds.rb:12
  [1m[36mCourse Destroy (0.4ms)[0m  [1m[31mDELETE FROM "courses" WHERE "courses"."id" = ?[0m  [["id", 8]]
  ↳ db/seeds.rb:12
  [1m[35m (1.0ms)[0m  [1m[36mcommit transaction[0m
  ↳ db/seeds.rb:12
  [1m[35m (0.1ms)[0m  [1m[36mbegin transaction[0m
  ↳ db/seeds.rb:12
  [1m[36mCourse Destroy (0.4ms)[0m  [1m[31mDELETE FROM "courses" WHERE "courses"."id" = ?[0m  [["id", 9]]
  ↳ db/seeds.rb:12
  [1m[35m (1.0ms)[0m  [1m[36mcommit transaction[0m
  ↳ db/seeds.rb:12
  [1m[35m (0.1ms)[0m  [1m[36mbegin transaction[0m
  ↳ db/seeds.rb:12
  [1m[36mCourse Destroy (0.4ms)[0m  [1m[31mDELETE FROM "courses" WHERE "courses"."id" = ?[0m  [["id", 10]]
  ↳ db/seeds.rb:12
  [1m[35m (1.0ms)[0m  [1m[36mcommit transaction[0m
  ↳ db/seeds.rb:12
  [1m[35m (0.1ms)[0m  [1m[36mbegin transaction[0m
  ↳ db/seeds.rb:12
  [1m[36mCourse Destroy (0.3ms)[0m  [1m[31mDELETE FROM "courses" WHERE "courses"."id" = ?[0m  [["id", 11]]
  ↳ db/seeds.rb:12
  [1m[35m (1.1ms)[0m  [1m[36mcommit transaction[0m
  ↳ db/seeds.rb:12
  [1m[35m (0.1ms)[0m  [1m[36mbegin transaction[0m
  ↳ db/seeds.rb:12
  [1m[36mCourse Destroy (0.4ms)[0m  [1m[31mDELETE FROM "courses" WHERE "courses"."id" = ?[0m  [["id", 12]]
  ↳ db/seeds.rb:12
  [1m[35m (1.2ms)[0m  [1m[36mcommit transaction[0m
  ↳ db/seeds.rb:12
  [1m[35m (0.1ms)[0m  [1m[36mbegin transaction[0m
  ↳ db/seeds.rb:12
  [1m[36mCourse Destroy (0.4ms)[0m  [1m[31mDELETE FROM "courses" WHERE "courses"."id" = ?[0m  [["id", 13]]
  ↳ db/seeds.rb:12
  [1m[35m (0.9ms)[0m  [1m[36mcommit transaction[0m
  ↳ db/seeds.rb:12
  [1m[35m (0.1ms)[0m  [1m[36mbegin transaction[0m
  ↳ db/seeds.rb:12
  [1m[36mCourse Destroy (0.3ms)[0m  [1m[31mDELETE FROM "courses" WHERE "courses"."id" = ?[0m  [["id", 14]]
  ↳ db/seeds.rb:12
  [1m[35m (0.8ms)[0m  [1m[36mcommit transaction[0m
  ↳ db/seeds.rb:12
  [1m[35m (0.0ms)[0m  [1m[36mbegin transaction[0m
  ↳ db/seeds.rb:12
  [1m[36mCourse Destroy (0.3ms)[0m  [1m[31mDELETE FROM "courses" WHERE "courses"."id" = ?[0m  [["id", 15]]
  ↳ db/seeds.rb:12
  [1m[35m (1.0ms)[0m  [1m[36mcommit transaction[0m
  ↳ db/seeds.rb:12
  [1m[35m (0.1ms)[0m  [1m[36mbegin transaction[0m
  ↳ db/seeds.rb:18
  [1m[36mCourse Create (0.5ms)[0m  [1m[32mINSERT INTO "courses" ("title", "description", "created_at", "updated_at") VALUES (?, ?, ?, ?)[0m  [["title", "Hercules Double IPA"], ["description", "Bock"], ["created_at", "2019-01-30 17:21:35.327773"], ["updated_at", "2019-01-30 17:21:35.327773"]]
  ↳ db/seeds.rb:18
  [1m[35m (1.0ms)[0m  [1m[36mcommit transaction[0m
  ↳ db/seeds.rb:18
  [1m[35m (0.0ms)[0m  [1m[36mbegin transaction[0m
  ↳ db/seeds.rb:18
  [1m[36mCourse Create (0.4ms)[0m  [1m[32mINSERT INTO "courses" ("title", "description", "created_at", "updated_at") VALUES (?, ?, ?, ?)[0m  [["title", "Samuel Smith’s Oatmeal Stout"], ["description", "Pilsner"], ["created_at", "2019-01-30 17:21:35.331237"], ["updated_at", "2019-01-30 17:21:35.331237"]]
  ↳ db/seeds.rb:18
  [1m[35m (1.1ms)[0m  [1m[36mcommit transaction[0m
  ↳ db/seeds.rb:18
  [1m[35m (0.0ms)[0m  [1m[36mbegin transaction[0m
  ↳ db/seeds.rb:18
  [1m[36mCourse Create (0.3ms)[0m  [1m[32mINSERT INTO "courses" ("title", "description", "created_at", "updated_at") VALUES (?, ?, ?, ?)[0m  [["title", "Chimay Grande Réserve"], ["description", "Light Hybrid Beer"], ["created_at", "2019-01-30 17:21:35.334268"], ["updated_at", "2019-01-30 17:21:35.334268"]]
  ↳ db/seeds.rb:18
  [1m[35m (1.0ms)[0m  [1m[36mcommit transaction[0m
  ↳ db/seeds.rb:18
  [1m[35m (0.0ms)[0m  [1m[36mbegin transaction[0m
  ↳ db/seeds.rb:18
  [1m[36mCourse Create (0.4ms)[0m  [1m[32mINSERT INTO "courses" ("title", "description", "created_at", "updated_at") VALUES (?, ?, ?, ?)[0m  [["title", "Chocolate St"], ["description", "Vegetable Beer"], ["created_at", "2019-01-30 17:21:35.337050"], ["updated_at", "2019-01-30 17:21:35.337050"]]
  ↳ db/seeds.rb:18
  [1m[35m (1.4ms)[0m  [1m[36mcommit transaction[0m
  ↳ db/seeds.rb:18
  [1m[35m (0.0ms)[0m  [1m[36mbegin transaction[0m
  ↳ db/seeds.rb:18
  [1m[36mCourse Create (0.3ms)[0m  [1m[32mINSERT INTO "courses" ("title", "description", "created_at", "updated_at") VALUES (?, ?, ?, ?)[0m  [["title", "Trappistes Rochefort 8"], ["description", "Wood-aged Beer"], ["created_at", "2019-01-30 17:21:35.340605"], ["updated_at", "2019-01-30 17:21:35.340605"]]
  ↳ db/seeds.rb:18
  [1m[35m (1.2ms)[0m  [1m[36mcommit transaction[0m
  ↳ db/seeds.rb:18
  [1m[36mLesson Load (0.5ms)[0m  [1m[34mSELECT "lessons".* FROM "lessons"[0m
  [1m[36mCourse Load (0.2ms)[0m  [1m[34mSELECT "courses".* FROM "courses"[0m
  [1m[35m (0.1ms)[0m  [1m[36mbegin transaction[0m
  [1m[36mCourse Destroy (0.6ms)[0m  [1m[31mDELETE FROM "courses" WHERE "courses"."id" = ?[0m  [["id", 16]]
  [1m[35m (1.4ms)[0m  [1m[36mcommit transaction[0m
  [1m[35m (0.0ms)[0m  [1m[36mbegin transaction[0m
  [1m[36mCourse Destroy (0.3ms)[0m  [1m[31mDELETE FROM "courses" WHERE "courses"."id" = ?[0m  [["id", 17]]
  [1m[35m (1.0ms)[0m  [1m[36mcommit transaction[0m
  [1m[35m (0.0ms)[0m  [1m[36mbegin transaction[0m
  [1m[36mCourse Destroy (0.3ms)[0m  [1m[31mDELETE FROM "courses" WHERE "courses"."id" = ?[0m  [["id", 18]]
  [1m[35m (1.1ms)[0m  [1m[36mcommit transaction[0m
  [1m[35m (0.0ms)[0m  [1m[36mbegin transaction[0m
  [1m[36mCourse Destroy (0.4ms)[0m  [1m[31mDELETE FROM "courses" WHERE "courses"."id" = ?[0m  [["id", 19]]
  [1m[35m (1.1ms)[0m  [1m[36mcommit transaction[0m
  [1m[35m (0.0ms)[0m  [1m[36mbegin transaction[0m
  [1m[36mCourse Destroy (0.3ms)[0m  [1m[31mDELETE FROM "courses" WHERE "courses"."id" = ?[0m  [["id", 20]]
  [1m[35m (1.1ms)[0m  [1m[36mcommit transaction[0m
  [1m[35m (0.1ms)[0m  [1m[36mbegin transaction[0m
  [1m[36mCourse Create (0.4ms)[0m  [1m[32mINSERT INTO "courses" ("title", "description", "created_at", "updated_at") VALUES (?, ?, ?, ?)[0m  [["title", "La Fin Du Monde"], ["description", "Stout"], ["created_at", "2019-01-30 17:22:26.479313"], ["updated_at", "2019-01-30 17:22:26.479313"]]
  [1m[35m (1.3ms)[0m  [1m[36mcommit transaction[0m
  [1m[35m (0.1ms)[0m  [1m[36mbegin transaction[0m
  [1m[36mCourse Create (0.5ms)[0m  [1m[32mINSERT INTO "courses" ("title", "description", "created_at", "updated_at") VALUES (?, ?, ?, ?)[0m  [["title", "HopSlam Ale"], ["description", "Pilsner"], ["created_at", "2019-01-30 17:22:26.483217"], ["updated_at", "2019-01-30 17:22:26.483217"]]
  [1m[35m (1.4ms)[0m  [1m[36mcommit transaction[0m
  [1m[35m (0.0ms)[0m  [1m[36mbegin transaction[0m
  [1m[36mCourse Create (0.3ms)[0m  [1m[32mINSERT INTO "courses" ("title", "description", "created_at", "updated_at") VALUES (?, ?, ?, ?)[0m  [["title", "Samuel Smith’s Imperial IPA"], ["description", "Sour Ale"], ["created_at", "2019-01-30 17:22:26.487429"], ["updated_at", "2019-01-30 17:22:26.487429"]]
  [1m[35m (1.2ms)[0m  [1m[36mcommit transaction[0m
  [1m[35m (0.1ms)[0m  [1m[36mbegin transaction[0m
  [1m[36mCourse Create (0.4ms)[0m  [1m[32mINSERT INTO "courses" ("title", "description", "created_at", "updated_at") VALUES (?, ?, ?, ?)[0m  [["title", "Maudite"], ["description", "Belgian Strong Ale"], ["created_at", "2019-01-30 17:22:26.490953"], ["updated_at", "2019-01-30 17:22:26.490953"]]
  [1m[35m (1.0ms)[0m  [1m[36mcommit transaction[0m
  [1m[35m (0.1ms)[0m  [1m[36mbegin transaction[0m
  [1m[36mCourse Create (0.4ms)[0m  [1m[32mINSERT INTO "courses" ("title", "description", "created_at", "updated_at") VALUES (?, ?, ?, ?)[0m  [["title", "St. Bernardus Abt 12"], ["description", "Vegetable Beer"], ["created_at", "2019-01-30 17:22:26.494396"], ["updated_at", "2019-01-30 17:22:26.494396"]]
  [1m[35m (1.1ms)[0m  [1m[36mcommit transaction[0m
  [1m[35m (0.2ms)[0m  [1m[34mSELECT "schema_migrations"."version" FROM "schema_migrations" ORDER BY "schema_migrations"."version" ASC[0m
  ↳ bin/rails:9
  [1m[35m (0.1ms)[0m  [1m[34mSELECT "schema_migrations"."version" FROM "schema_migrations" ORDER BY "schema_migrations"."version" ASC[0m
  ↳ bin/rails:9
  [1m[35m (0.1ms)[0m  [1m[34mSELECT "schema_migrations"."version" FROM "schema_migrations" ORDER BY "schema_migrations"."version" ASC[0m
  ↳ bin/rails:9
  [1m[35m (0.1ms)[0m  [1m[34mSELECT "schema_migrations"."version" FROM "schema_migrations" ORDER BY "schema_migrations"."version" ASC[0m
  ↳ bin/rails:9
Migrating to CreateLessons (20190130161825)
  [1m[35m (0.1ms)[0m  [1m[36mbegin transaction[0m
  ↳ bin/rails:9
  [1m[35m (0.8ms)[0m  [1m[35mDROP TABLE "lessons"[0m
  ↳ bin/rails:9
  [1m[36mActiveRecord::SchemaMigration Destroy (0.2ms)[0m  [1m[31mDELETE FROM "schema_migrations" WHERE "schema_migrations"."version" = ?[0m  [["version", "20190130161825"]]
  ↳ bin/rails:9
  [1m[35m (1.1ms)[0m  [1m[36mcommit transaction[0m
  ↳ bin/rails:9
  [1m[35m (0.1ms)[0m  [1m[34mSELECT "schema_migrations"."version" FROM "schema_migrations" ORDER BY "schema_migrations"."version" ASC[0m
  ↳ bin/rails:9
  [1m[35m (0.1ms)[0m  [1m[34mSELECT "schema_migrations"."version" FROM "schema_migrations" ORDER BY "schema_migrations"."version" ASC[0m
  ↳ bin/rails:9
Migrating to CreateLessons (20190130161825)
  [1m[35m (0.1ms)[0m  [1m[36mbegin transaction[0m
  ↳ bin/rails:9
  [1m[35m (0.1ms)[0m  [1m[34mSELECT sqlite_version(*)[0m
  ↳ db/migrate/20190130161825_create_lessons.rb:3
  [1m[35m (0.5ms)[0m  [1m[35mCREATE TABLE "lessons" ("id" integer PRIMARY KEY AUTOINCREMENT NOT NULL, "title" varchar, "body" text, "created_at" datetime NOT NULL, "updated_at" datetime NOT NULL)[0m
  ↳ db/migrate/20190130161825_create_lessons.rb:3
  [1m[36mActiveRecord::SchemaMigration Create (0.2ms)[0m  [1m[32mINSERT INTO "schema_migrations" ("version") VALUES (?)[0m  [["version", "20190130161825"]]
  ↳ bin/rails:9
  [1m[35m (1.4ms)[0m  [1m[36mcommit transaction[0m
  ↳ bin/rails:9
  [1m[36mActiveRecord::InternalMetadata Load (0.1ms)[0m  [1m[34mSELECT  "ar_internal_metadata".* FROM "ar_internal_metadata" WHERE "ar_internal_metadata"."key" = ? LIMIT ?[0m  [["key", "environment"], ["LIMIT", 1]]
  ↳ bin/rails:9
  [1m[35m (0.1ms)[0m  [1m[36mbegin transaction[0m
  ↳ bin/rails:9
  [1m[35m (0.0ms)[0m  [1m[36mcommit transaction[0m
  ↳ bin/rails:9
  [1m[35m (0.2ms)[0m  [1m[34mSELECT "schema_migrations"."version" FROM "schema_migrations" ORDER BY "schema_migrations"."version" ASC[0m
  ↳ bin/rails:9
  [1m[35m (0.1ms)[0m  [1m[34mSELECT "schema_migrations"."version" FROM "schema_migrations" ORDER BY "schema_migrations"."version" ASC[0m
  ↳ bin/rails:9
Migrating to AddCourseIdToLessons (20190130172832)
  [1m[35m (0.1ms)[0m  [1m[36mbegin transaction[0m
  ↳ bin/rails:9
  [1m[35m (0.5ms)[0m  [1m[35mALTER TABLE "lessons" ADD "course_id" integer[0m
  ↳ db/migrate/20190130172832_add_course_id_to_lessons.rb:3
  [1m[35m (0.1ms)[0m  [1m[34mSELECT sqlite_version(*)[0m
  ↳ db/migrate/20190130172832_add_course_id_to_lessons.rb:3
  [1m[35m (0.2ms)[0m  [1m[35mCREATE  INDEX "index_lessons_on_course_id" ON "lessons" ("course_id")[0m
  ↳ db/migrate/20190130172832_add_course_id_to_lessons.rb:3
  [1m[36mActiveRecord::SchemaMigration Create (0.2ms)[0m  [1m[32mINSERT INTO "schema_migrations" ("version") VALUES (?)[0m  [["version", "20190130172832"]]
  ↳ bin/rails:9
  [1m[35m (1.2ms)[0m  [1m[36mcommit transaction[0m
  ↳ bin/rails:9
  [1m[36mActiveRecord::InternalMetadata Load (0.1ms)[0m  [1m[34mSELECT  "ar_internal_metadata".* FROM "ar_internal_metadata" WHERE "ar_internal_metadata"."key" = ? LIMIT ?[0m  [["key", "environment"], ["LIMIT", 1]]
  ↳ bin/rails:9
  [1m[35m (0.1ms)[0m  [1m[36mbegin transaction[0m
  ↳ bin/rails:9
  [1m[35m (0.0ms)[0m  [1m[36mcommit transaction[0m
  ↳ bin/rails:9
  [1m[35m (0.1ms)[0m  [1m[34mSELECT "schema_migrations"."version" FROM "schema_migrations" ORDER BY "schema_migrations"."version" ASC[0m
  ↳ bin/rails:9
  [1m[36mLesson Load (0.8ms)[0m  [1m[34mSELECT "lessons".* FROM "lessons"[0m
  [1m[36mCourse Load (0.3ms)[0m  [1m[34mSELECT "courses".* FROM "courses"[0m
  [1m[35m (0.1ms)[0m  [1m[36mbegin transaction[0m
  [1m[36mCourse Destroy (0.6ms)[0m  [1m[31mDELETE FROM "courses" WHERE "courses"."id" = ?[0m  [["id", 21]]
  [1m[35m (1.1ms)[0m  [1m[36mcommit transaction[0m
  [1m[35m (0.1ms)[0m  [1m[36mbegin transaction[0m
  [1m[36mCourse Destroy (0.4ms)[0m  [1m[31mDELETE FROM "courses" WHERE "courses"."id" = ?[0m  [["id", 22]]
  [1m[35m (0.8ms)[0m  [1m[36mcommit transaction[0m
  [1m[35m (0.1ms)[0m  [1m[36mbegin transaction[0m
  [1m[36mCourse Destroy (0.3ms)[0m  [1m[31mDELETE FROM "courses" WHERE "courses"."id" = ?[0m  [["id", 23]]
  [1m[35m (1.0ms)[0m  [1m[36mcommit transaction[0m
  [1m[35m (0.1ms)[0m  [1m[36mbegin transaction[0m
  [1m[36mCourse Destroy (0.3ms)[0m  [1m[31mDELETE FROM "courses" WHERE "courses"."id" = ?[0m  [["id", 24]]
  [1m[35m (1.1ms)[0m  [1m[36mcommit transaction[0m
  [1m[35m (0.1ms)[0m  [1m[36mbegin transaction[0m
  [1m[36mCourse Destroy (0.6ms)[0m  [1m[31mDELETE FROM "courses" WHERE "courses"."id" = ?[0m  [["id", 25]]
  [1m[35m (1.1ms)[0m  [1m[36mcommit transaction[0m
  [1m[35m (0.1ms)[0m  [1m[36mbegin transaction[0m
  [1m[36mCourse Create (0.4ms)[0m  [1m[32mINSERT INTO "courses" ("title", "description", "created_at", "updated_at") VALUES (?, ?, ?, ?)[0m  [["title", "Ruination IPA"], ["description", "Sour Ale"], ["created_at", "2019-01-30 17:31:00.065056"], ["updated_at", "2019-01-30 17:31:00.065056"]]
  [1m[35m (0.9ms)[0m  [1m[36mcommit transaction[0m
  [1m[35m (0.0ms)[0m  [1m[36mbegin transaction[0m
  [1m[36mCourse Create (0.3ms)[0m  [1m[32mINSERT INTO "courses" ("title", "description", "created_at", "updated_at") VALUES (?, ?, ?, ?)[0m  [["title", "Oak Aged Yeti Imperial Stout"], ["description", "Merican Ale"], ["created_at", "2019-01-30 17:31:00.068401"], ["updated_at", "2019-01-30 17:31:00.068401"]]
  [1m[35m (1.3ms)[0m  [1m[36mcommit transaction[0m
  [1m[35m (0.1ms)[0m  [1m[36mbegin transaction[0m
  [1m[36mCourse Create (0.5ms)[0m  [1m[32mINSERT INTO "courses" ("title", "description", "created_at", "updated_at") VALUES (?, ?, ?, ?)[0m  [["title", "Hop Rod Rye"], ["description", "German Wheat And Rye Beer"], ["created_at", "2019-01-30 17:31:00.071997"], ["updated_at", "2019-01-30 17:31:00.071997"]]
  [1m[35m (1.0ms)[0m  [1m[36mcommit transaction[0m
  [1m[35m (0.2ms)[0m  [1m[36mbegin transaction[0m
  [1m[36mCourse Create (0.5ms)[0m  [1m[32mINSERT INTO "courses" ("title", "description", "created_at", "updated_at") VALUES (?, ?, ?, ?)[0m  [["title", "Chocolate St"], ["description", "Light Hybrid Beer"], ["created_at", "2019-01-30 17:31:00.076734"], ["updated_at", "2019-01-30 17:31:00.076734"]]
  [1m[35m (1.1ms)[0m  [1m[36mcommit transaction[0m
  [1m[35m (0.1ms)[0m  [1m[36mbegin transaction[0m
  [1m[36mCourse Create (0.4ms)[0m  [1m[32mINSERT INTO "courses" ("title", "description", "created_at", "updated_at") VALUES (?, ?, ?, ?)[0m  [["title", "Oaked Arrogant Bastard Ale"], ["description", "Smoke-flavored"], ["created_at", "2019-01-30 17:31:00.081580"], ["updated_at", "2019-01-30 17:31:00.081580"]]
  [1m[35m (0.9ms)[0m  [1m[36mcommit transaction[0m
  [1m[35m (0.5ms)[0m  [1m[34mSELECT "schema_migrations"."version" FROM "schema_migrations" ORDER BY "schema_migrations"."version" ASC[0m
  ↳ bin/rails:9
  [1m[35m (0.1ms)[0m  [1m[34mSELECT "schema_migrations"."version" FROM "schema_migrations" ORDER BY "schema_migrations"."version" ASC[0m
  ↳ bin/rails:9
  [1m[35m (0.1ms)[0m  [1m[34mSELECT "schema_migrations"."version" FROM "schema_migrations" ORDER BY "schema_migrations"."version" ASC[0m
  ↳ bin/rails:9
  [1m[35m (0.1ms)[0m  [1m[34mSELECT "schema_migrations"."version" FROM "schema_migrations" ORDER BY "schema_migrations"."version" ASC[0m
  ↳ bin/rails:9
  [1m[35m (0.1ms)[0m  [1m[34mSELECT "schema_migrations"."version" FROM "schema_migrations" ORDER BY "schema_migrations"."version" ASC[0m
  ↳ bin/rails:9
Migrating to AddCourseIdToLessons (20190130172832)
  [1m[35m (0.1ms)[0m  [1m[36mbegin transaction[0m
  ↳ bin/rails:9
  [1m[35m (0.1ms)[0m  [1m[34mSELECT sqlite_version(*)[0m
  ↳ bin/rails:9
  [1m[35m (0.3ms)[0m  [1m[35mCREATE TEMPORARY TABLE "alessons" ("id" integer NOT NULL PRIMARY KEY, "title" varchar DEFAULT NULL, "body" text DEFAULT NULL, "created_at" datetime NOT NULL, "updated_at" datetime NOT NULL, "course_id" integer DEFAULT NULL)[0m
  ↳ bin/rails:9
  [1m[35m (0.1ms)[0m  [1m[35mCREATE  INDEX "tindex_alessons_on_course_id" ON "alessons" ("course_id")[0m
  ↳ bin/rails:9
  [1m[35m (0.4ms)[0m  [1m[32mINSERT INTO "alessons" ("id","title","body","created_at","updated_at","course_id")
                     SELECT "id","title","body","created_at","updated_at","course_id" FROM "lessons"[0m
  ↳ bin/rails:9
  [1m[35m (1.4ms)[0m  [1m[35mDROP TABLE "lessons"[0m
  ↳ bin/rails:9
  [1m[35m (0.2ms)[0m  [1m[35mCREATE TABLE "lessons" ("id" integer NOT NULL PRIMARY KEY, "title" varchar DEFAULT NULL, "body" text DEFAULT NULL, "created_at" datetime NOT NULL, "updated_at" datetime NOT NULL)[0m
  ↳ bin/rails:9
  [1m[35m (0.1ms)[0m  [1m[32mINSERT INTO "lessons" ("id","title","body","created_at","updated_at")
                     SELECT "id","title","body","created_at","updated_at" FROM "alessons"[0m
  ↳ bin/rails:9
  [1m[35m (0.1ms)[0m  [1m[35mDROP TABLE "alessons"[0m
  ↳ bin/rails:9
  [1m[36mActiveRecord::SchemaMigration Destroy (0.9ms)[0m  [1m[31mDELETE FROM "schema_migrations" WHERE "schema_migrations"."version" = ?[0m  [["version", "20190130172832"]]
  ↳ bin/rails:9
  [1m[35m (1.5ms)[0m  [1m[36mcommit transaction[0m
  ↳ bin/rails:9
  [1m[35m (0.2ms)[0m  [1m[34mSELECT "schema_migrations"."version" FROM "schema_migrations" ORDER BY "schema_migrations"."version" ASC[0m
  ↳ bin/rails:9
  [1m[35m (0.1ms)[0m  [1m[34mSELECT "schema_migrations"."version" FROM "schema_migrations" ORDER BY "schema_migrations"."version" ASC[0m
  ↳ bin/rails:9
  [1m[35m (0.1ms)[0m  [1m[34mSELECT "schema_migrations"."version" FROM "schema_migrations" ORDER BY "schema_migrations"."version" ASC[0m
  ↳ bin/rails:9
  [1m[35m (0.1ms)[0m  [1m[34mSELECT "schema_migrations"."version" FROM "schema_migrations" ORDER BY "schema_migrations"."version" ASC[0m
  ↳ bin/rails:9
  [1m[35m (0.1ms)[0m  [1m[34mSELECT "schema_migrations"."version" FROM "schema_migrations" ORDER BY "schema_migrations"."version" ASC[0m
  ↳ bin/rails:9
Migrating to CreateLessons (20190130161825)
  [1m[35m (0.1ms)[0m  [1m[36mbegin transaction[0m
  ↳ bin/rails:9
  [1m[35m (0.6ms)[0m  [1m[35mDROP TABLE "lessons"[0m
  ↳ bin/rails:9
  [1m[36mActiveRecord::SchemaMigration Destroy (0.2ms)[0m  [1m[31mDELETE FROM "schema_migrations" WHERE "schema_migrations"."version" = ?[0m  [["version", "20190130161825"]]
  ↳ bin/rails:9
  [1m[35m (1.1ms)[0m  [1m[36mcommit transaction[0m
  ↳ bin/rails:9
  [1m[35m (0.1ms)[0m  [1m[34mSELECT "schema_migrations"."version" FROM "schema_migrations" ORDER BY "schema_migrations"."version" ASC[0m
  ↳ bin/rails:9
  [1m[35m (0.2ms)[0m  [1m[34mSELECT "schema_migrations"."version" FROM "schema_migrations" ORDER BY "schema_migrations"."version" ASC[0m
  ↳ bin/rails:9
  [1m[35m (0.1ms)[0m  [1m[34mSELECT "schema_migrations"."version" FROM "schema_migrations" ORDER BY "schema_migrations"."version" ASC[0m
  ↳ bin/rails:9
  [1m[35m (0.1ms)[0m  [1m[34mSELECT "schema_migrations"."version" FROM "schema_migrations" ORDER BY "schema_migrations"."version" ASC[0m
  ↳ bin/rails:9
  [1m[35m (0.1ms)[0m  [1m[34mSELECT "schema_migrations"."version" FROM "schema_migrations" ORDER BY "schema_migrations"."version" ASC[0m
  ↳ bin/rails:9
Migrating to CreateCourses (20190130161709)
  [1m[35m (0.1ms)[0m  [1m[36mbegin transaction[0m
  ↳ bin/rails:9
  [1m[35m (0.6ms)[0m  [1m[35mDROP TABLE "courses"[0m
  ↳ bin/rails:9
  [1m[36mActiveRecord::SchemaMigration Destroy (0.2ms)[0m  [1m[31mDELETE FROM "schema_migrations" WHERE "schema_migrations"."version" = ?[0m  [["version", "20190130161709"]]
  ↳ bin/rails:9
  [1m[35m (1.3ms)[0m  [1m[36mcommit transaction[0m
  ↳ bin/rails:9
  [1m[35m (0.1ms)[0m  [1m[34mSELECT "schema_migrations"."version" FROM "schema_migrations" ORDER BY "schema_migrations"."version" ASC[0m
  ↳ bin/rails:9
  [1m[35m (0.1ms)[0m  [1m[34mSELECT "schema_migrations"."version" FROM "schema_migrations" ORDER BY "schema_migrations"."version" ASC[0m
  ↳ bin/rails:9
  [1m[35m (0.1ms)[0m  [1m[34mSELECT "schema_migrations"."version" FROM "schema_migrations" ORDER BY "schema_migrations"."version" ASC[0m
  ↳ bin/rails:9
Migrating to CreateCourses (20190130161709)
  [1m[35m (0.1ms)[0m  [1m[36mbegin transaction[0m
  ↳ bin/rails:9
  [1m[35m (0.1ms)[0m  [1m[34mSELECT sqlite_version(*)[0m
  ↳ db/migrate/20190130161709_create_courses.rb:3
  [1m[35m (0.5ms)[0m  [1m[35mCREATE TABLE "courses" ("id" integer PRIMARY KEY AUTOINCREMENT NOT NULL, "title" varchar, "description" text, "created_at" datetime NOT NULL, "updated_at" datetime NOT NULL)[0m
  ↳ db/migrate/20190130161709_create_courses.rb:3
  [1m[36mActiveRecord::SchemaMigration Create (0.2ms)[0m  [1m[32mINSERT INTO "schema_migrations" ("version") VALUES (?)[0m  [["version", "20190130161709"]]
  ↳ bin/rails:9
  [1m[35m (1.7ms)[0m  [1m[36mcommit transaction[0m
  ↳ bin/rails:9
Migrating to CreateLessons (20190130161825)
  [1m[35m (0.1ms)[0m  [1m[36mbegin transaction[0m
  ↳ bin/rails:9
  [1m[35m (0.4ms)[0m  [1m[35mCREATE TABLE "lessons" ("id" integer PRIMARY KEY AUTOINCREMENT NOT NULL, "title" varchar, "body" text, "created_at" datetime NOT NULL, "updated_at" datetime NOT NULL)[0m
  ↳ db/migrate/20190130161825_create_lessons.rb:3
  [1m[36mActiveRecord::SchemaMigration Create (0.2ms)[0m  [1m[32mINSERT INTO "schema_migrations" ("version") VALUES (?)[0m  [["version", "20190130161825"]]
  ↳ bin/rails:9
  [1m[35m (1.2ms)[0m  [1m[36mcommit transaction[0m
  ↳ bin/rails:9
Migrating to AddCourseIdToLessons (20190130172832)
  [1m[35m (0.1ms)[0m  [1m[36mbegin transaction[0m
  ↳ bin/rails:9
  [1m[35m (0.5ms)[0m  [1m[35mALTER TABLE "lessons" ADD "course_id" integer[0m
  ↳ db/migrate/20190130172832_add_course_id_to_lessons.rb:3
  [1m[35m (0.2ms)[0m  [1m[35mCREATE  INDEX "index_lessons_on_course_id" ON "lessons" ("course_id")[0m
  ↳ db/migrate/20190130172832_add_course_id_to_lessons.rb:3
  [1m[36mActiveRecord::SchemaMigration Create (0.2ms)[0m  [1m[32mINSERT INTO "schema_migrations" ("version") VALUES (?)[0m  [["version", "20190130172832"]]
  ↳ bin/rails:9
  [1m[35m (1.0ms)[0m  [1m[36mcommit transaction[0m
  ↳ bin/rails:9
  [1m[36mActiveRecord::InternalMetadata Load (0.2ms)[0m  [1m[34mSELECT  "ar_internal_metadata".* FROM "ar_internal_metadata" WHERE "ar_internal_metadata"."key" = ? LIMIT ?[0m  [["key", "environment"], ["LIMIT", 1]]
  ↳ bin/rails:9
  [1m[35m (0.1ms)[0m  [1m[36mbegin transaction[0m
  ↳ bin/rails:9
  [1m[35m (0.0ms)[0m  [1m[36mcommit transaction[0m
  ↳ bin/rails:9
  [1m[35m (0.1ms)[0m  [1m[34mSELECT "schema_migrations"."version" FROM "schema_migrations" ORDER BY "schema_migrations"."version" ASC[0m
  ↳ bin/rails:9
  [1m[35m (0.1ms)[0m  [1m[34mSELECT "schema_migrations"."version" FROM "schema_migrations" ORDER BY "schema_migrations"."version" ASC[0m
  ↳ bin/rails:9
  [1m[36mLesson Load (0.2ms)[0m  [1m[34mSELECT "lessons".* FROM "lessons"[0m
  ↳ db/seeds.rb:11
  [1m[36mCourse Load (0.1ms)[0m  [1m[34mSELECT "courses".* FROM "courses"[0m
  ↳ db/seeds.rb:12
  [1m[35m (0.1ms)[0m  [1m[36mbegin transaction[0m
  ↳ db/seeds.rb:18
  [1m[36mCourse Create (0.5ms)[0m  [1m[32mINSERT INTO "courses" ("title", "description", "created_at", "updated_at") VALUES (?, ?, ?, ?)[0m  [["title", "Pliny The Elder"], ["description", "Strong Ale"], ["created_at", "2019-01-30 17:44:52.812138"], ["updated_at", "2019-01-30 17:44:52.812138"]]
  ↳ db/seeds.rb:18
  [1m[35m (0.9ms)[0m  [1m[36mcommit transaction[0m
  ↳ db/seeds.rb:18
  [1m[35m (0.0ms)[0m  [1m[36mbegin transaction[0m
  ↳ db/seeds.rb:18
  [1m[36mCourse Create (0.3ms)[0m  [1m[32mINSERT INTO "courses" ("title", "description", "created_at", "updated_at") VALUES (?, ?, ?, ?)[0m  [["title", "Hennepin"], ["description", "European Amber Lager"], ["created_at", "2019-01-30 17:44:52.815171"], ["updated_at", "2019-01-30 17:44:52.815171"]]
  ↳ db/seeds.rb:18
  [1m[35m (0.6ms)[0m  [1m[36mcommit transaction[0m
  ↳ db/seeds.rb:18
  [1m[35m (0.0ms)[0m  [1m[36mbegin transaction[0m
  ↳ db/seeds.rb:18
  [1m[36mCourse Create (0.3ms)[0m  [1m[32mINSERT INTO "courses" ("title", "description", "created_at", "updated_at") VALUES (?, ?, ?, ?)[0m  [["title", "Trappistes Rochefort 10"], ["description", "Vegetable Beer"], ["created_at", "2019-01-30 17:44:52.817172"], ["updated_at", "2019-01-30 17:44:52.817172"]]
  ↳ db/seeds.rb:18
  [1m[35m (0.9ms)[0m  [1m[36mcommit transaction[0m
  ↳ db/seeds.rb:18
  [1m[35m (0.0ms)[0m  [1m[36mbegin transaction[0m
  ↳ db/seeds.rb:18
  [1m[36mCourse Create (0.3ms)[0m  [1m[32mINSERT INTO "courses" ("title", "description", "created_at", "updated_at") VALUES (?, ?, ?, ?)[0m  [["title", "Oak Aged Yeti Imperial Stout"], ["description", "German Wheat And Rye Beer"], ["created_at", "2019-01-30 17:44:52.819373"], ["updated_at", "2019-01-30 17:44:52.819373"]]
  ↳ db/seeds.rb:18
  [1m[35m (0.7ms)[0m  [1m[36mcommit transaction[0m
  ↳ db/seeds.rb:18
  [1m[35m (0.0ms)[0m  [1m[36mbegin transaction[0m
  ↳ db/seeds.rb:18
  [1m[36mCourse Create (0.3ms)[0m  [1m[32mINSERT INTO "courses" ("title", "description", "created_at", "updated_at") VALUES (?, ?, ?, ?)[0m  [["title", "Ruination IPA"], ["description", "German Wheat And Rye Beer"], ["created_at", "2019-01-30 17:44:52.821434"], ["updated_at", "2019-01-30 17:44:52.821434"]]
  ↳ db/seeds.rb:18
  [1m[35m (1.0ms)[0m  [1m[36mcommit transaction[0m
  ↳ db/seeds.rb:18
  [1m[36mLesson Load (0.7ms)[0m  [1m[34mSELECT "lessons".* FROM "lessons"[0m
  [1m[36mCourse Load (0.2ms)[0m  [1m[34mSELECT "courses".* FROM "courses"[0m
  [1m[35m (0.1ms)[0m  [1m[36mbegin transaction[0m
  [1m[36mCourse Destroy (0.7ms)[0m  [1m[31mDELETE FROM "courses" WHERE "courses"."id" = ?[0m  [["id", 1]]
  [1m[35m (1.6ms)[0m  [1m[36mcommit transaction[0m
  [1m[35m (0.1ms)[0m  [1m[36mbegin transaction[0m
  [1m[36mCourse Destroy (0.4ms)[0m  [1m[31mDELETE FROM "courses" WHERE "courses"."id" = ?[0m  [["id", 2]]
  [1m[35m (1.1ms)[0m  [1m[36mcommit transaction[0m
  [1m[35m (0.0ms)[0m  [1m[36mbegin transaction[0m
  [1m[36mCourse Destroy (0.4ms)[0m  [1m[31mDELETE FROM "courses" WHERE "courses"."id" = ?[0m  [["id", 3]]
  [1m[35m (1.1ms)[0m  [1m[36mcommit transaction[0m
  [1m[35m (0.0ms)[0m  [1m[36mbegin transaction[0m
  [1m[36mCourse Destroy (0.3ms)[0m  [1m[31mDELETE FROM "courses" WHERE "courses"."id" = ?[0m  [["id", 4]]
  [1m[35m (0.9ms)[0m  [1m[36mcommit transaction[0m
  [1m[35m (0.1ms)[0m  [1m[36mbegin transaction[0m
  [1m[36mCourse Destroy (0.5ms)[0m  [1m[31mDELETE FROM "courses" WHERE "courses"."id" = ?[0m  [["id", 5]]
  [1m[35m (1.0ms)[0m  [1m[36mcommit transaction[0m
  [1m[35m (0.1ms)[0m  [1m[36mbegin transaction[0m
  [1m[36mCourse Create (0.4ms)[0m  [1m[32mINSERT INTO "courses" ("title", "description", "created_at", "updated_at") VALUES (?, ?, ?, ?)[0m  [["title", "Edmund Fitzgerald Porter"], ["description", "Light Hybrid Beer"], ["created_at", "2019-01-30 17:45:20.314879"], ["updated_at", "2019-01-30 17:45:20.314879"]]
  [1m[35m (1.5ms)[0m  [1m[36mcommit transaction[0m
  [1m[35m (0.1ms)[0m  [1m[36mbegin transaction[0m
  [1m[36mCourse Create (0.4ms)[0m  [1m[32mINSERT INTO "courses" ("title", "description", "created_at", "updated_at") VALUES (?, ?, ?, ?)[0m  [["title", "Péché Mortel"], ["description", "Sour Ale"], ["created_at", "2019-01-30 17:45:20.319560"], ["updated_at", "2019-01-30 17:45:20.319560"]]
  [1m[35m (1.0ms)[0m  [1m[36mcommit transaction[0m
  [1m[35m (0.1ms)[0m  [1m[36mbegin transaction[0m
  [1m[36mCourse Create (0.4ms)[0m  [1m[32mINSERT INTO "courses" ("title", "description", "created_at", "updated_at") VALUES (?, ?, ?, ?)[0m  [["title", "Stone IPA"], ["description", "Bock"], ["created_at", "2019-01-30 17:45:20.322930"], ["updated_at", "2019-01-30 17:45:20.322930"]]
  [1m[35m (1.3ms)[0m  [1m[36mcommit transaction[0m
  [1m[35m (0.1ms)[0m  [1m[36mbegin transaction[0m
  [1m[36mCourse Create (0.4ms)[0m  [1m[32mINSERT INTO "courses" ("title", "description", "created_at", "updated_at") VALUES (?, ?, ?, ?)[0m  [["title", "Hop Rod Rye"], ["description", "Smoke-flavored"], ["created_at", "2019-01-30 17:45:20.326647"], ["updated_at", "2019-01-30 17:45:20.326647"]]
  [1m[35m (1.2ms)[0m  [1m[36mcommit transaction[0m
  [1m[35m (0.1ms)[0m  [1m[36mbegin transaction[0m
  [1m[36mCourse Create (0.4ms)[0m  [1m[32mINSERT INTO "courses" ("title", "description", "created_at", "updated_at") VALUES (?, ?, ?, ?)[0m  [["title", "Hop Rod Rye"], ["description", "Light Lager"], ["created_at", "2019-01-30 17:45:20.330500"], ["updated_at", "2019-01-30 17:45:20.330500"]]
  [1m[35m (1.1ms)[0m  [1m[36mcommit transaction[0m
  [1m[35m (0.2ms)[0m  [1m[34mSELECT "schema_migrations"."version" FROM "schema_migrations" ORDER BY "schema_migrations"."version" ASC[0m
  ↳ bin/rails:9
  [1m[36mLesson Load (0.2ms)[0m  [1m[34mSELECT "lessons".* FROM "lessons"[0m
  ↳ db/seeds.rb:11
  [1m[36mCourse Load (0.2ms)[0m  [1m[34mSELECT "courses".* FROM "courses"[0m
  ↳ db/seeds.rb:12
  [1m[35m (0.1ms)[0m  [1m[36mbegin transaction[0m
  ↳ db/seeds.rb:12
  [1m[36mCourse Destroy (0.6ms)[0m  [1m[31mDELETE FROM "courses" WHERE "courses"."id" = ?[0m  [["id", 6]]
  ↳ db/seeds.rb:12
  [1m[35m (0.8ms)[0m  [1m[36mcommit transaction[0m
  ↳ db/seeds.rb:12
  [1m[35m (0.0ms)[0m  [1m[36mbegin transaction[0m
  ↳ db/seeds.rb:12
  [1m[36mCourse Destroy (0.3ms)[0m  [1m[31mDELETE FROM "courses" WHERE "courses"."id" = ?[0m  [["id", 7]]
  ↳ db/seeds.rb:12
  [1m[35m (0.6ms)[0m  [1m[36mcommit transaction[0m
  ↳ db/seeds.rb:12
  [1m[35m (0.0ms)[0m  [1m[36mbegin transaction[0m
  ↳ db/seeds.rb:12
  [1m[36mCourse Destroy (0.3ms)[0m  [1m[31mDELETE FROM "courses" WHERE "courses"."id" = ?[0m  [["id", 8]]
  ↳ db/seeds.rb:12
  [1m[35m (1.0ms)[0m  [1m[36mcommit transaction[0m
  ↳ db/seeds.rb:12
  [1m[35m (0.0ms)[0m  [1m[36mbegin transaction[0m
  ↳ db/seeds.rb:12
  [1m[36mCourse Destroy (0.3ms)[0m  [1m[31mDELETE FROM "courses" WHERE "courses"."id" = ?[0m  [["id", 9]]
  ↳ db/seeds.rb:12
  [1m[35m (1.1ms)[0m  [1m[36mcommit transaction[0m
  ↳ db/seeds.rb:12
  [1m[35m (0.0ms)[0m  [1m[36mbegin transaction[0m
  ↳ db/seeds.rb:12
  [1m[36mCourse Destroy (0.3ms)[0m  [1m[31mDELETE FROM "courses" WHERE "courses"."id" = ?[0m  [["id", 10]]
  ↳ db/seeds.rb:12
  [1m[35m (1.2ms)[0m  [1m[36mcommit transaction[0m
  ↳ db/seeds.rb:12
  [1m[35m (0.1ms)[0m  [1m[36mbegin transaction[0m
  ↳ db/seeds.rb:18
  [1m[36mCourse Create (0.4ms)[0m  [1m[32mINSERT INTO "courses" ("title", "description", "created_at", "updated_at") VALUES (?, ?, ?, ?)[0m  [["title", "Celebrator Doppelbock"], ["description", "Dark Lager"], ["created_at", "2019-01-30 17:46:25.368195"], ["updated_at", "2019-01-30 17:46:25.368195"]]
  ↳ db/seeds.rb:18
  [1m[35m (0.6ms)[0m  [1m[36mcommit transaction[0m
  ↳ db/seeds.rb:18
  [1m[35m (0.0ms)[0m  [1m[36mbegin transaction[0m
  ↳ db/seeds.rb:18
  [1m[36mCourse Create (0.4ms)[0m  [1m[32mINSERT INTO "courses" ("title", "description", "created_at", "updated_at") VALUES (?, ?, ?, ?)[0m  [["title", "Péché Mortel"], ["description", "Merican Ale"], ["created_at", "2019-01-30 17:46:25.371293"], ["updated_at", "2019-01-30 17:46:25.371293"]]
  ↳ db/seeds.rb:18
  [1m[35m (0.6ms)[0m  [1m[36mcommit transaction[0m
  ↳ db/seeds.rb:18
  [1m[35m (0.0ms)[0m  [1m[36mbegin transaction[0m
  ↳ db/seeds.rb:18
  [1m[36mCourse Create (0.3ms)[0m  [1m[32mINSERT INTO "courses" ("title", "description", "created_at", "updated_at") VALUES (?, ?, ?, ?)[0m  [["title", "Hennepin"], ["description", "European Amber Lager"], ["created_at", "2019-01-30 17:46:25.373540"], ["updated_at", "2019-01-30 17:46:25.373540"]]
  ↳ db/seeds.rb:18
  [1m[35m (0.5ms)[0m  [1m[36mcommit transaction[0m
  ↳ db/seeds.rb:18
  [1m[35m (0.0ms)[0m  [1m[36mbegin transaction[0m
  ↳ db/seeds.rb:18
  [1m[36mCourse Create (0.3ms)[0m  [1m[32mINSERT INTO "courses" ("title", "description", "created_at", "updated_at") VALUES (?, ?, ?, ?)[0m  [["title", "Founders Breakfast Stout"], ["description", "English Pale Ale"], ["created_at", "2019-01-30 17:46:25.375502"], ["updated_at", "2019-01-30 17:46:25.375502"]]
  ↳ db/seeds.rb:18
  [1m[35m (0.5ms)[0m  [1m[36mcommit transaction[0m
  ↳ db/seeds.rb:18
  [1m[35m (0.0ms)[0m  [1m[36mbegin transaction[0m
  ↳ db/seeds.rb:18
  [1m[36mCourse Create (0.3ms)[0m  [1m[32mINSERT INTO "courses" ("title", "description", "created_at", "updated_at") VALUES (?, ?, ?, ?)[0m  [["title", "Brooklyn Black"], ["description", "Strong Ale"], ["created_at", "2019-01-30 17:46:25.377542"], ["updated_at", "2019-01-30 17:46:25.377542"]]
  ↳ db/seeds.rb:18
  [1m[35m (0.5ms)[0m  [1m[36mcommit transaction[0m
  ↳ db/seeds.rb:18
  [1m[36mCourse Load (0.1ms)[0m  [1m[34mSELECT "courses".* FROM "courses"[0m
  ↳ db/seeds.rb:25
  [1m[35m (0.0ms)[0m  [1m[36mbegin transaction[0m
  ↳ db/seeds.rb:26
  [1m[36mLesson Create (0.3ms)[0m  [1m[32mINSERT INTO "lessons" ("title", "body", "created_at", "updated_at", "course_id") VALUES (?, ?, ?, ?, ?)[0m  [["title", "Cat"], ["body", "Singular unmentionable shunned madness gibbous. Cat decadent madness shunned daemoniac tentacles comprehension. Accursed antediluvian squamous swarthy noisome iridescence unnamable."], ["created_at", "2019-01-30 17:46:25.386795"], ["updated_at", "2019-01-30 17:46:25.386795"], ["course_id", 12]]
  ↳ db/seeds.rb:26
  [1m[35m (0.6ms)[0m  [1m[36mcommit transaction[0m
  ↳ db/seeds.rb:26
  [1m[36mCourse Load (0.1ms)[0m  [1m[34mSELECT "courses".* FROM "courses"[0m
  ↳ db/seeds.rb:25
  [1m[35m (0.0ms)[0m  [1m[36mbegin transaction[0m
  ↳ db/seeds.rb:26
  [1m[36mLesson Create (0.3ms)[0m  [1m[32mINSERT INTO "lessons" ("title", "body", "created_at", "updated_at", "course_id") VALUES (?, ?, ?, ?, ?)[0m  [["title", "Effulgence"], ["body", "Cat loathsome singular. Stygian singular gibbous ululate mortal effulgence fainted. Madness fungus foetid squamous swarthy ululate effulgence hideous. Unmentionable shunned spectral."], ["created_at", "2019-01-30 17:46:25.389680"], ["updated_at", "2019-01-30 17:46:25.389680"], ["course_id", 15]]
  ↳ db/seeds.rb:26
  [1m[35m (0.6ms)[0m  [1m[36mcommit transaction[0m
  ↳ db/seeds.rb:26
  [1m[36mCourse Load (0.1ms)[0m  [1m[34mSELECT "courses".* FROM "courses"[0m
  ↳ db/seeds.rb:25
  [1m[35m (0.0ms)[0m  [1m[36mbegin transaction[0m
  ↳ db/seeds.rb:26
  [1m[36mLesson Create (0.3ms)[0m  [1m[32mINSERT INTO "lessons" ("title", "body", "created_at", "updated_at", "course_id") VALUES (?, ?, ?, ?, ?)[0m  [["title", "Spectral"], ["body", "Eldritch accursed immemorial. Amorphous stench abnormal fungus. Hideous stygian amorphous manuscript. Cat accursed madness comprehension indescribable tentacles."], ["created_at", "2019-01-30 17:46:25.392232"], ["updated_at", "2019-01-30 17:46:25.392232"], ["course_id", 11]]
  ↳ db/seeds.rb:26
  [1m[35m (0.6ms)[0m  [1m[36mcommit transaction[0m
  ↳ db/seeds.rb:26
  [1m[36mCourse Load (0.1ms)[0m  [1m[34mSELECT "courses".* FROM "courses"[0m
  ↳ db/seeds.rb:25
  [1m[35m (0.0ms)[0m  [1m[36mbegin transaction[0m
  ↳ db/seeds.rb:26
  [1m[36mLesson Create (0.3ms)[0m  [1m[32mINSERT INTO "lessons" ("title", "body", "created_at", "updated_at", "course_id") VALUES (?, ?, ?, ?, ?)[0m  [["title", "Gibbering"], ["body", "Dank swarthy furtive. Manuscript comprehension antiquarian hideous spectral squamous stygian. Gibbering tentacles daemoniac abnormal gambrel gibbous cat. Mortal decadent shunned fungus."], ["created_at", "2019-01-30 17:46:25.394849"], ["updated_at", "2019-01-30 17:46:25.394849"], ["course_id", 12]]
  ↳ db/seeds.rb:26
  [1m[35m (0.6ms)[0m  [1m[36mcommit transaction[0m
  ↳ db/seeds.rb:26
  [1m[36mCourse Load (0.1ms)[0m  [1m[34mSELECT "courses".* FROM "courses"[0m
  ↳ db/seeds.rb:25
  [1m[35m (0.0ms)[0m  [1m[36mbegin transaction[0m
  ↳ db/seeds.rb:26
  [1m[36mLesson Create (0.3ms)[0m  [1m[32mINSERT INTO "lessons" ("title", "body", "created_at", "updated_at", "course_id") VALUES (?, ?, ?, ?, ?)[0m  [["title", "Antiquarian"], ["body", "Singular non-euclidean gibbering eldritch stench indescribable unutterable. Amorphous tentacles loathsome mortal fainted. Charnel tenebrous furtive effulgence manuscript."], ["created_at", "2019-01-30 17:46:25.397515"], ["updated_at", "2019-01-30 17:46:25.397515"], ["course_id", 12]]
  ↳ db/seeds.rb:26
  [1m[35m (0.7ms)[0m  [1m[36mcommit transaction[0m
  ↳ db/seeds.rb:26
  [1m[36mCourse Load (0.1ms)[0m  [1m[34mSELECT "courses".* FROM "courses"[0m
  ↳ db/seeds.rb:25
  [1m[35m (0.0ms)[0m  [1m[36mbegin transaction[0m
  ↳ db/seeds.rb:26
  [1m[36mLesson Create (0.3ms)[0m  [1m[32mINSERT INTO "lessons" ("title", "body", "created_at", "updated_at", "course_id") VALUES (?, ?, ?, ?, ?)[0m  [["title", "Eldritch"], ["body", "Dank daemoniac blasphemous. Shunned fainted antediluvian spectral abnormal madness daemoniac gambrel. Cat abnormal indescribable lurk fungus. Immemorial hideous shunned gibbering decadent tentacles cyclopean dank. Iridescence unmentionable amorphous furtive gibbering."], ["created_at", "2019-01-30 17:46:25.400473"], ["updated_at", "2019-01-30 17:46:25.400473"], ["course_id", 14]]
  ↳ db/seeds.rb:26
  [1m[35m (0.6ms)[0m  [1m[36mcommit transaction[0m
  ↳ db/seeds.rb:26
  [1m[36mCourse Load (0.1ms)[0m  [1m[34mSELECT "courses".* FROM "courses"[0m
  ↳ db/seeds.rb:25
  [1m[35m (0.0ms)[0m  [1m[36mbegin transaction[0m
  ↳ db/seeds.rb:26
  [1m[36mLesson Create (0.4ms)[0m  [1m[32mINSERT INTO "lessons" ("title", "body", "created_at", "updated_at", "course_id") VALUES (?, ?, ?, ?, ?)[0m  [["title", "Madness"], ["body", "Antiquarian dank accursed mortal fungus immemorial ululate. Unnamable squamous stygian noisome cyclopean. Tenebrous eldritch cat spectral. Decadent gibbering accursed blasphemous manuscript antiquarian charnel indescribable."], ["created_at", "2019-01-30 17:46:25.403555"], ["updated_at", "2019-01-30 17:46:25.403555"], ["course_id", 11]]
  ↳ db/seeds.rb:26
  [1m[35m (0.5ms)[0m  [1m[36mcommit transaction[0m
  ↳ db/seeds.rb:26
  [1m[36mCourse Load (0.1ms)[0m  [1m[34mSELECT "courses".* FROM "courses"[0m
  ↳ db/seeds.rb:25
  [1m[35m (0.0ms)[0m  [1m[36mbegin transaction[0m
  ↳ db/seeds.rb:26
  [1m[36mLesson Create (0.3ms)[0m  [1m[32mINSERT INTO "lessons" ("title", "body", "created_at", "updated_at", "course_id") VALUES (?, ?, ?, ?, ?)[0m  [["title", "Gambrel"], ["body", "Noisome comprehension furtive. Dank loathsome fainted eldritch stench. Antediluvian lurk gibbering. Charnel stygian foetid non-euclidean iridescence gibbous."], ["created_at", "2019-01-30 17:46:25.406336"], ["updated_at", "2019-01-30 17:46:25.406336"], ["course_id", 13]]
  ↳ db/seeds.rb:26
  [1m[35m (0.8ms)[0m  [1m[36mcommit transaction[0m
  ↳ db/seeds.rb:26
  [1m[36mCourse Load (0.1ms)[0m  [1m[34mSELECT "courses".* FROM "courses"[0m
  ↳ db/seeds.rb:25
  [1m[35m (0.0ms)[0m  [1m[36mbegin transaction[0m
  ↳ db/seeds.rb:26
  [1m[36mLesson Create (0.4ms)[0m  [1m[32mINSERT INTO "lessons" ("title", "body", "created_at", "updated_at", "course_id") VALUES (?, ?, ?, ?, ?)[0m  [["title", "Stench"], ["body", "Immemorial hideous non-euclidean charnel abnormal singular. Decadent unutterable antediluvian cyclopean. Cat stygian foetid unutterable abnormal comprehension mortal."], ["created_at", "2019-01-30 17:46:25.409328"], ["updated_at", "2019-01-30 17:46:25.409328"], ["course_id", 14]]
  ↳ db/seeds.rb:26
  [1m[35m (0.6ms)[0m  [1m[36mcommit transaction[0m
  ↳ db/seeds.rb:26
  [1m[36mCourse Load (0.1ms)[0m  [1m[34mSELECT "courses".* FROM "courses"[0m
  ↳ db/seeds.rb:25
  [1m[35m (0.0ms)[0m  [1m[36mbegin transaction[0m
  ↳ db/seeds.rb:26
  [1m[36mLesson Create (0.3ms)[0m  [1m[32mINSERT INTO "lessons" ("title", "body", "created_at", "updated_at", "course_id") VALUES (?, ?, ?, ?, ?)[0m  [["title", "Spectral"], ["body", "Squamous gambrel stench hideous antediluvian accursed. Fungus tenebrous unmentionable immemorial fainted. Singular comprehension unnamable effulgence."], ["created_at", "2019-01-30 17:46:25.412500"], ["updated_at", "2019-01-30 17:46:25.412500"], ["course_id", 15]]
  ↳ db/seeds.rb:26
  [1m[35m (0.5ms)[0m  [1m[36mcommit transaction[0m
  ↳ db/seeds.rb:26
  [1m[36mCourse Load (0.1ms)[0m  [1m[34mSELECT "courses".* FROM "courses"[0m
  ↳ db/seeds.rb:25
  [1m[35m (0.0ms)[0m  [1m[36mbegin transaction[0m
  ↳ db/seeds.rb:26
  [1m[36mLesson Create (0.3ms)[0m  [1m[32mINSERT INTO "lessons" ("title", "body", "created_at", "updated_at", "course_id") VALUES (?, ?, ?, ?, ?)[0m  [["title", "Daemoniac"], ["body", "Spectral loathsome indescribable daemoniac madness antiquarian swarthy gibbering. Gibbering shunned tenebrous mortal hideous cyclopean eldritch. Immemorial non-euclidean spectral tentacles loathsome accursed gibbous furtive. Antediluvian unnamable foetid effulgence furtive. Gibbering spectral manuscript lurk comprehension charnel."], ["created_at", "2019-01-30 17:46:25.415202"], ["updated_at", "2019-01-30 17:46:25.415202"], ["course_id", 15]]
  ↳ db/seeds.rb:26
  [1m[35m (0.5ms)[0m  [1m[36mcommit transaction[0m
  ↳ db/seeds.rb:26
  [1m[36mCourse Load (0.1ms)[0m  [1m[34mSELECT "courses".* FROM "courses"[0m
  ↳ db/seeds.rb:25
  [1m[35m (0.0ms)[0m  [1m[36mbegin transaction[0m
  ↳ db/seeds.rb:26
  [1m[36mLesson Create (0.4ms)[0m  [1m[32mINSERT INTO "lessons" ("title", "body", "created_at", "updated_at", "course_id") VALUES (?, ?, ?, ?, ?)[0m  [["title", "Non-euclidean"], ["body", "Unnamable foetid nameless comprehension. Cat furtive tentacles. Manuscript comprehension daemoniac."], ["created_at", "2019-01-30 17:46:25.417935"], ["updated_at", "2019-01-30 17:46:25.417935"], ["course_id", 13]]
  ↳ db/seeds.rb:26
  [1m[35m (0.6ms)[0m  [1m[36mcommit transaction[0m
  ↳ db/seeds.rb:26
  [1m[36mCourse Load (0.1ms)[0m  [1m[34mSELECT "courses".* FROM "courses"[0m
  ↳ db/seeds.rb:25
  [1m[35m (0.0ms)[0m  [1m[36mbegin transaction[0m
  ↳ db/seeds.rb:26
  [1m[36mLesson Create (0.3ms)[0m  [1m[32mINSERT INTO "lessons" ("title", "body", "created_at", "updated_at", "course_id") VALUES (?, ?, ?, ?, ?)[0m  [["title", "Blasphemous"], ["body", "Squamous blasphemous non-euclidean. Cat squamous stygian lurk. Blasphemous fungus nameless mortal."], ["created_at", "2019-01-30 17:46:25.421084"], ["updated_at", "2019-01-30 17:46:25.421084"], ["course_id", 13]]
  ↳ db/seeds.rb:26
  [1m[35m (0.7ms)[0m  [1m[36mcommit transaction[0m
  ↳ db/seeds.rb:26
  [1m[36mCourse Load (0.1ms)[0m  [1m[34mSELECT "courses".* FROM "courses"[0m
  ↳ db/seeds.rb:25
  [1m[35m (0.0ms)[0m  [1m[36mbegin transaction[0m
  ↳ db/seeds.rb:26
  [1m[36mLesson Create (0.4ms)[0m  [1m[32mINSERT INTO "lessons" ("title", "body", "created_at", "updated_at", "course_id") VALUES (?, ?, ?, ?, ?)[0m  [["title", "Shunned"], ["body", "Stygian immemorial gibbering foetid daemoniac fungus tenebrous unnamable. Comprehension loathsome mortal eldritch. Gambrel charnel singular dank. Loathsome non-euclidean cat iridescence."], ["created_at", "2019-01-30 17:46:25.424343"], ["updated_at", "2019-01-30 17:46:25.424343"], ["course_id", 13]]
  ↳ db/seeds.rb:26
  [1m[35m (0.5ms)[0m  [1m[36mcommit transaction[0m
  ↳ db/seeds.rb:26
  [1m[36mCourse Load (0.1ms)[0m  [1m[34mSELECT "courses".* FROM "courses"[0m
  ↳ db/seeds.rb:25
  [1m[35m (0.0ms)[0m  [1m[36mbegin transaction[0m
  ↳ db/seeds.rb:26
  [1m[36mLesson Create (0.3ms)[0m  [1m[32mINSERT INTO "lessons" ("title", "body", "created_at", "updated_at", "course_id") VALUES (?, ?, ?, ?, ?)[0m  [["title", "Dank"], ["body", "Noisome stench fungus amorphous mortal. Unnamable cyclopean daemoniac gibbering dank lurk. Mortal nameless shunned madness. Lurk iridescence unutterable antiquarian shunned."], ["created_at", "2019-01-30 17:46:25.427102"], ["updated_at", "2019-01-30 17:46:25.427102"], ["course_id", 15]]
  ↳ db/seeds.rb:26
  [1m[35m (0.5ms)[0m  [1m[36mcommit transaction[0m
  ↳ db/seeds.rb:26
